{"/Users/zanirhabib/dev/mandli/backend/src/server.js": {"path":"/Users/zanirhabib/dev/mandli/backend/src/server.js","statementMap":{"0":{"start":{"line":1,"column":16},"end":{"line":1,"column":34}},"1":{"start":{"line":2,"column":13},"end":{"line":2,"column":28}},"2":{"start":{"line":3,"column":15},"end":{"line":3,"column":32}},"3":{"start":{"line":4,"column":18},"end":{"line":4,"column":47}},"4":{"start":{"line":5,"column":13},"end":{"line":5,"column":28}},"5":{"start":{"line":6,"column":15},"end":{"line":6,"column":34}},"6":{"start":{"line":9,"column":19},"end":{"line":9,"column":43}},"7":{"start":{"line":10,"column":19},"end":{"line":10,"column":44}},"8":{"start":{"line":11,"column":27},"end":{"line":11,"column":59}},"9":{"start":{"line":12,"column":23},"end":{"line":12,"column":52}},"10":{"start":{"line":13,"column":23},"end":{"line":13,"column":51}},"11":{"start":{"line":14,"column":23},"end":{"line":14,"column":51}},"12":{"start":{"line":17,"column":12},"end":{"line":17,"column":21}},"13":{"start":{"line":20,"column":0},"end":{"line":22,"column":1}},"14":{"start":{"line":21,"column":2},"end":{"line":21,"column":28}},"15":{"start":{"line":25,"column":0},"end":{"line":25,"column":18}},"16":{"start":{"line":28,"column":23},"end":{"line":33,"column":1}},"17":{"start":{"line":35,"column":0},"end":{"line":56,"column":4}},"18":{"start":{"line":38,"column":4},"end":{"line":38,"column":45}},"19":{"start":{"line":38,"column":17},"end":{"line":38,"column":45}},"20":{"start":{"line":41,"column":22},"end":{"line":47,"column":6}},"21":{"start":{"line":42,"column":6},"end":{"line":44,"column":7}},"22":{"start":{"line":43,"column":8},"end":{"line":43,"column":40}},"23":{"start":{"line":46,"column":6},"end":{"line":46,"column":40}},"24":{"start":{"line":49,"column":4},"end":{"line":53,"column":5}},"25":{"start":{"line":50,"column":6},"end":{"line":50,"column":27}},"26":{"start":{"line":52,"column":6},"end":{"line":52,"column":49}},"27":{"start":{"line":59,"column":0},"end":{"line":59,"column":24}},"28":{"start":{"line":60,"column":0},"end":{"line":60,"column":48}},"29":{"start":{"line":63,"column":16},"end":{"line":67,"column":2}},"30":{"start":{"line":70,"column":0},"end":{"line":70,"column":26}},"31":{"start":{"line":73,"column":20},"end":{"line":77,"column":2}},"32":{"start":{"line":80,"column":0},"end":{"line":86,"column":3}},"33":{"start":{"line":81,"column":2},"end":{"line":85,"column":5}},"34":{"start":{"line":89,"column":0},"end":{"line":89,"column":46}},"35":{"start":{"line":90,"column":0},"end":{"line":90,"column":34}},"36":{"start":{"line":91,"column":0},"end":{"line":91,"column":49}},"37":{"start":{"line":92,"column":0},"end":{"line":92,"column":42}},"38":{"start":{"line":93,"column":0},"end":{"line":93,"column":41}},"39":{"start":{"line":94,"column":0},"end":{"line":94,"column":41}},"40":{"start":{"line":97,"column":0},"end":{"line":110,"column":3}},"41":{"start":{"line":98,"column":2},"end":{"line":109,"column":5}},"42":{"start":{"line":113,"column":0},"end":{"line":115,"column":3}},"43":{"start":{"line":114,"column":2},"end":{"line":114,"column":59}},"44":{"start":{"line":117,"column":0},"end":{"line":119,"column":3}},"45":{"start":{"line":118,"column":2},"end":{"line":118,"column":65}},"46":{"start":{"line":122,"column":0},"end":{"line":127,"column":3}},"47":{"start":{"line":123,"column":2},"end":{"line":126,"column":5}},"48":{"start":{"line":130,"column":0},"end":{"line":141,"column":3}},"49":{"start":{"line":131,"column":2},"end":{"line":131,"column":46}},"50":{"start":{"line":134,"column":16},"end":{"line":134,"column":48}},"51":{"start":{"line":136,"column":2},"end":{"line":140,"column":5}},"52":{"start":{"line":144,"column":13},"end":{"line":144,"column":24}},"53":{"start":{"line":146,"column":0},"end":{"line":170,"column":3}},"54":{"start":{"line":147,"column":2},"end":{"line":147,"column":18}},"55":{"start":{"line":148,"column":2},"end":{"line":148,"column":67}},"56":{"start":{"line":149,"column":2},"end":{"line":149,"column":66}},"57":{"start":{"line":150,"column":2},"end":{"line":150,"column":67}},"58":{"start":{"line":151,"column":2},"end":{"line":151,"column":18}},"59":{"start":{"line":152,"column":2},"end":{"line":152,"column":64}},"60":{"start":{"line":153,"column":2},"end":{"line":153,"column":51}},"61":{"start":{"line":154,"column":2},"end":{"line":154,"column":56}},"62":{"start":{"line":155,"column":2},"end":{"line":155,"column":53}},"63":{"start":{"line":156,"column":2},"end":{"line":156,"column":18}},"64":{"start":{"line":157,"column":2},"end":{"line":157,"column":38}},"65":{"start":{"line":158,"column":2},"end":{"line":158,"column":32}},"66":{"start":{"line":159,"column":2},"end":{"line":159,"column":40}},"67":{"start":{"line":160,"column":2},"end":{"line":160,"column":41}},"68":{"start":{"line":161,"column":2},"end":{"line":161,"column":35}},"69":{"start":{"line":162,"column":2},"end":{"line":162,"column":35}},"70":{"start":{"line":163,"column":2},"end":{"line":163,"column":42}},"71":{"start":{"line":164,"column":2},"end":{"line":164,"column":42}},"72":{"start":{"line":165,"column":2},"end":{"line":165,"column":39}},"73":{"start":{"line":166,"column":2},"end":{"line":166,"column":39}},"74":{"start":{"line":167,"column":2},"end":{"line":167,"column":18}},"75":{"start":{"line":168,"column":2},"end":{"line":168,"column":38}},"76":{"start":{"line":169,"column":2},"end":{"line":169,"column":18}},"77":{"start":{"line":173,"column":0},"end":{"line":176,"column":3}},"78":{"start":{"line":174,"column":2},"end":{"line":174,"column":62}},"79":{"start":{"line":175,"column":2},"end":{"line":175,"column":18}},"80":{"start":{"line":178,"column":0},"end":{"line":181,"column":3}},"81":{"start":{"line":179,"column":2},"end":{"line":179,"column":63}},"82":{"start":{"line":180,"column":2},"end":{"line":180,"column":18}},"83":{"start":{"line":183,"column":0},"end":{"line":183,"column":21}}},"fnMap":{"0":{"name":"(anonymous_0)","decl":{"start":{"line":36,"column":10},"end":{"line":36,"column":11}},"loc":{"start":{"line":36,"column":32},"end":{"line":54,"column":3}},"line":36},"1":{"name":"(anonymous_1)","decl":{"start":{"line":41,"column":42},"end":{"line":41,"column":43}},"loc":{"start":{"line":41,"column":59},"end":{"line":47,"column":5}},"line":41},"2":{"name":"(anonymous_2)","decl":{"start":{"line":80,"column":19},"end":{"line":80,"column":20}},"loc":{"start":{"line":80,"column":33},"end":{"line":86,"column":1}},"line":80},"3":{"name":"(anonymous_3)","decl":{"start":{"line":97,"column":13},"end":{"line":97,"column":14}},"loc":{"start":{"line":97,"column":27},"end":{"line":110,"column":1}},"line":97},"4":{"name":"(anonymous_4)","decl":{"start":{"line":113,"column":20},"end":{"line":113,"column":21}},"loc":{"start":{"line":113,"column":34},"end":{"line":115,"column":1}},"line":113},"5":{"name":"(anonymous_5)","decl":{"start":{"line":117,"column":31},"end":{"line":117,"column":32}},"loc":{"start":{"line":117,"column":45},"end":{"line":119,"column":1}},"line":117},"6":{"name":"(anonymous_6)","decl":{"start":{"line":122,"column":8},"end":{"line":122,"column":9}},"loc":{"start":{"line":122,"column":22},"end":{"line":127,"column":1}},"line":122},"7":{"name":"(anonymous_7)","decl":{"start":{"line":130,"column":8},"end":{"line":130,"column":9}},"loc":{"start":{"line":130,"column":33},"end":{"line":141,"column":1}},"line":130},"8":{"name":"(anonymous_8)","decl":{"start":{"line":146,"column":17},"end":{"line":146,"column":18}},"loc":{"start":{"line":146,"column":23},"end":{"line":170,"column":1}},"line":146},"9":{"name":"(anonymous_9)","decl":{"start":{"line":173,"column":22},"end":{"line":173,"column":23}},"loc":{"start":{"line":173,"column":28},"end":{"line":176,"column":1}},"line":173},"10":{"name":"(anonymous_10)","decl":{"start":{"line":178,"column":21},"end":{"line":178,"column":22}},"loc":{"start":{"line":178,"column":27},"end":{"line":181,"column":1}},"line":178}},"branchMap":{"0":{"loc":{"start":{"line":20,"column":0},"end":{"line":22,"column":1}},"type":"if","locations":[{"start":{"line":20,"column":0},"end":{"line":22,"column":1}},{"start":{},"end":{}}],"line":20},"1":{"loc":{"start":{"line":38,"column":4},"end":{"line":38,"column":45}},"type":"if","locations":[{"start":{"line":38,"column":4},"end":{"line":38,"column":45}},{"start":{},"end":{}}],"line":38},"2":{"loc":{"start":{"line":42,"column":6},"end":{"line":44,"column":7}},"type":"if","locations":[{"start":{"line":42,"column":6},"end":{"line":44,"column":7}},{"start":{},"end":{}}],"line":42},"3":{"loc":{"start":{"line":49,"column":4},"end":{"line":53,"column":5}},"type":"if","locations":[{"start":{"line":49,"column":4},"end":{"line":53,"column":5}},{"start":{"line":51,"column":11},"end":{"line":53,"column":5}}],"line":49},"4":{"loc":{"start":{"line":136,"column":13},"end":{"line":136,"column":30}},"type":"binary-expr","locations":[{"start":{"line":136,"column":13},"end":{"line":136,"column":23}},{"start":{"line":136,"column":27},"end":{"line":136,"column":30}}],"line":136},"5":{"loc":{"start":{"line":138,"column":13},"end":{"line":138,"column":65}},"type":"cond-expr","locations":[{"start":{"line":138,"column":21},"end":{"line":138,"column":32}},{"start":{"line":138,"column":35},"end":{"line":138,"column":65}}],"line":138},"6":{"loc":{"start":{"line":139,"column":8},"end":{"line":139,"column":37}},"type":"binary-expr","locations":[{"start":{"line":139,"column":8},"end":{"line":139,"column":13}},{"start":{"line":139,"column":17},"end":{"line":139,"column":37}}],"line":139}},"s":{"0":0,"1":0,"2":0,"3":0,"4":0,"5":0,"6":0,"7":0,"8":0,"9":0,"10":0,"11":0,"12":0,"13":0,"14":0,"15":0,"16":0,"17":0,"18":0,"19":0,"20":0,"21":0,"22":0,"23":0,"24":0,"25":0,"26":0,"27":0,"28":0,"29":0,"30":0,"31":0,"32":0,"33":0,"34":0,"35":0,"36":0,"37":0,"38":0,"39":0,"40":0,"41":0,"42":0,"43":0,"44":0,"45":0,"46":0,"47":0,"48":0,"49":0,"50":0,"51":0,"52":0,"53":0,"54":0,"55":0,"56":0,"57":0,"58":0,"59":0,"60":0,"61":0,"62":0,"63":0,"64":0,"65":0,"66":0,"67":0,"68":0,"69":0,"70":0,"71":0,"72":0,"73":0,"74":0,"75":0,"76":0,"77":0,"78":0,"79":0,"80":0,"81":0,"82":0,"83":0},"f":{"0":0,"1":0,"2":0,"3":0,"4":0,"5":0,"6":0,"7":0,"8":0,"9":0,"10":0},"b":{"0":[0,0],"1":[0,0],"2":[0,0],"3":[0,0],"4":[0,0],"5":[0,0],"6":[0,0]}}
,"/Users/zanirhabib/dev/mandli/backend/src/config/index.js": {"path":"/Users/zanirhabib/dev/mandli/backend/src/config/index.js","statementMap":{"0":{"start":{"line":1,"column":0},"end":{"line":1,"column":27}},"1":{"start":{"line":3,"column":0},"end":{"line":44,"column":2}},"2":{"start":{"line":42,"column":56},"end":{"line":42,"column":66}}},"fnMap":{"0":{"name":"(anonymous_0)","decl":{"start":{"line":42,"column":49},"end":{"line":42,"column":50}},"loc":{"start":{"line":42,"column":56},"end":{"line":42,"column":66}},"line":42}},"branchMap":{"0":{"loc":{"start":{"line":5,"column":8},"end":{"line":5,"column":32}},"type":"binary-expr","locations":[{"start":{"line":5,"column":8},"end":{"line":5,"column":24}},{"start":{"line":5,"column":28},"end":{"line":5,"column":32}}],"line":5},"1":{"loc":{"start":{"line":6,"column":11},"end":{"line":6,"column":48}},"type":"binary-expr","locations":[{"start":{"line":6,"column":11},"end":{"line":6,"column":31}},{"start":{"line":6,"column":35},"end":{"line":6,"column":48}}],"line":6},"2":{"loc":{"start":{"line":19,"column":15},"end":{"line":19,"column":49}},"type":"binary-expr","locations":[{"start":{"line":19,"column":15},"end":{"line":19,"column":41}},{"start":{"line":19,"column":45},"end":{"line":19,"column":49}}],"line":19},"3":{"loc":{"start":{"line":31,"column":10},"end":{"line":31,"column":51}},"type":"binary-expr","locations":[{"start":{"line":31,"column":10},"end":{"line":31,"column":31}},{"start":{"line":31,"column":35},"end":{"line":31,"column":51}}],"line":31},"4":{"loc":{"start":{"line":32,"column":10},"end":{"line":32,"column":48}},"type":"binary-expr","locations":[{"start":{"line":32,"column":10},"end":{"line":32,"column":41}},{"start":{"line":32,"column":45},"end":{"line":32,"column":48}}],"line":32},"5":{"loc":{"start":{"line":38,"column":15},"end":{"line":38,"column":66}},"type":"binary-expr","locations":[{"start":{"line":38,"column":15},"end":{"line":38,"column":39}},{"start":{"line":38,"column":43},"end":{"line":38,"column":66}}],"line":38},"6":{"loc":{"start":{"line":41,"column":18},"end":{"line":43,"column":56}},"type":"cond-expr","locations":[{"start":{"line":42,"column":6},"end":{"line":42,"column":67}},{"start":{"line":43,"column":6},"end":{"line":43,"column":56}}],"line":41}},"s":{"0":1,"1":1,"2":0},"f":{"0":0},"b":{"0":[1,0],"1":[1,0],"2":[1,0],"3":[1,0],"4":[1,0],"5":[1,0],"6":[0,1]},"_coverageSchema":"1a1c01bbd47fc00a2c39e90264f33305004495a9","hash":"d2ccd3a496e4a141767a0b510ae68f8560b936ee"}
,"/Users/zanirhabib/dev/mandli/backend/src/config/supabase.js": {"path":"/Users/zanirhabib/dev/mandli/backend/src/config/supabase.js","statementMap":{"0":{"start":{"line":1,"column":25},"end":{"line":1,"column":57}},"1":{"start":{"line":2,"column":15},"end":{"line":2,"column":33}},"2":{"start":{"line":5,"column":22},"end":{"line":14,"column":1}},"3":{"start":{"line":17,"column":23},"end":{"line":20,"column":1}},"4":{"start":{"line":22,"column":0},"end":{"line":25,"column":2}}},"fnMap":{},"branchMap":{"0":{"loc":{"start":{"line":7,"column":2},"end":{"line":7,"column":55}},"type":"binary-expr","locations":[{"start":{"line":7,"column":2},"end":{"line":7,"column":28}},{"start":{"line":7,"column":32},"end":{"line":7,"column":55}}],"line":7}},"s":{"0":1,"1":1,"2":1,"3":1,"4":1},"f":{},"b":{"0":[1,0]},"_coverageSchema":"1a1c01bbd47fc00a2c39e90264f33305004495a9","hash":"083871fb73e6a8b0826fd09f37c47920210d7221"}
,"/Users/zanirhabib/dev/mandli/backend/src/middleware/auth.js": {"path":"/Users/zanirhabib/dev/mandli/backend/src/middleware/auth.js","statementMap":{"0":{"start":{"line":1,"column":12},"end":{"line":1,"column":35}},"1":{"start":{"line":2,"column":15},"end":{"line":2,"column":35}},"2":{"start":{"line":7,"column":26},"end":{"line":59,"column":1}},"3":{"start":{"line":8,"column":2},"end":{"line":58,"column":3}},"4":{"start":{"line":10,"column":23},"end":{"line":10,"column":48}},"5":{"start":{"line":12,"column":4},"end":{"line":17,"column":5}},"6":{"start":{"line":13,"column":6},"end":{"line":16,"column":9}},"7":{"start":{"line":19,"column":18},"end":{"line":19,"column":41}},"8":{"start":{"line":22,"column":20},"end":{"line":22,"column":56}},"9":{"start":{"line":25,"column":4},"end":{"line":30,"column":5}},"10":{"start":{"line":26,"column":6},"end":{"line":29,"column":9}},"11":{"start":{"line":33,"column":4},"end":{"line":36,"column":6}},"12":{"start":{"line":38,"column":4},"end":{"line":38,"column":11}},"13":{"start":{"line":40,"column":4},"end":{"line":45,"column":5}},"14":{"start":{"line":41,"column":6},"end":{"line":44,"column":9}},"15":{"start":{"line":47,"column":4},"end":{"line":52,"column":5}},"16":{"start":{"line":48,"column":6},"end":{"line":51,"column":9}},"17":{"start":{"line":54,"column":4},"end":{"line":57,"column":7}},"18":{"start":{"line":65,"column":29},"end":{"line":153,"column":1}},"19":{"start":{"line":66,"column":2},"end":{"line":152,"column":3}},"20":{"start":{"line":68,"column":22},"end":{"line":68,"column":67}},"21":{"start":{"line":70,"column":4},"end":{"line":103,"column":5}},"22":{"start":{"line":72,"column":32},"end":{"line":72,"column":61}},"23":{"start":{"line":74,"column":36},"end":{"line":78,"column":17}},"24":{"start":{"line":80,"column":6},"end":{"line":85,"column":7}},"25":{"start":{"line":81,"column":8},"end":{"line":84,"column":11}},"26":{"start":{"line":87,"column":6},"end":{"line":92,"column":7}},"27":{"start":{"line":88,"column":8},"end":{"line":91,"column":11}},"28":{"start":{"line":95,"column":6},"end":{"line":100,"column":8}},"29":{"start":{"line":102,"column":6},"end":{"line":102,"column":20}},"30":{"start":{"line":106,"column":21},"end":{"line":106,"column":36}},"31":{"start":{"line":108,"column":4},"end":{"line":113,"column":5}},"32":{"start":{"line":109,"column":6},"end":{"line":112,"column":9}},"33":{"start":{"line":116,"column":20},"end":{"line":116,"column":59}},"34":{"start":{"line":119,"column":4},"end":{"line":124,"column":5}},"35":{"start":{"line":120,"column":6},"end":{"line":123,"column":9}},"36":{"start":{"line":127,"column":4},"end":{"line":130,"column":6}},"37":{"start":{"line":132,"column":4},"end":{"line":132,"column":11}},"38":{"start":{"line":134,"column":4},"end":{"line":139,"column":5}},"39":{"start":{"line":135,"column":6},"end":{"line":138,"column":9}},"40":{"start":{"line":141,"column":4},"end":{"line":146,"column":5}},"41":{"start":{"line":142,"column":6},"end":{"line":145,"column":9}},"42":{"start":{"line":148,"column":4},"end":{"line":151,"column":7}},"43":{"start":{"line":155,"column":0},"end":{"line":158,"column":2}}},"fnMap":{"0":{"name":"(anonymous_0)","decl":{"start":{"line":7,"column":26},"end":{"line":7,"column":27}},"loc":{"start":{"line":7,"column":46},"end":{"line":59,"column":1}},"line":7},"1":{"name":"(anonymous_1)","decl":{"start":{"line":65,"column":29},"end":{"line":65,"column":30}},"loc":{"start":{"line":65,"column":55},"end":{"line":153,"column":1}},"line":65}},"branchMap":{"0":{"loc":{"start":{"line":12,"column":4},"end":{"line":17,"column":5}},"type":"if","locations":[{"start":{"line":12,"column":4},"end":{"line":17,"column":5}},{"start":{},"end":{}}],"line":12},"1":{"loc":{"start":{"line":12,"column":8},"end":{"line":12,"column":56}},"type":"binary-expr","locations":[{"start":{"line":12,"column":8},"end":{"line":12,"column":19}},{"start":{"line":12,"column":23},"end":{"line":12,"column":56}}],"line":12},"2":{"loc":{"start":{"line":25,"column":4},"end":{"line":30,"column":5}},"type":"if","locations":[{"start":{"line":25,"column":4},"end":{"line":30,"column":5}},{"start":{},"end":{}}],"line":25},"3":{"loc":{"start":{"line":40,"column":4},"end":{"line":45,"column":5}},"type":"if","locations":[{"start":{"line":40,"column":4},"end":{"line":45,"column":5}},{"start":{},"end":{}}],"line":40},"4":{"loc":{"start":{"line":47,"column":4},"end":{"line":52,"column":5}},"type":"if","locations":[{"start":{"line":47,"column":4},"end":{"line":52,"column":5}},{"start":{},"end":{}}],"line":47},"5":{"loc":{"start":{"line":68,"column":22},"end":{"line":68,"column":67}},"type":"binary-expr","locations":[{"start":{"line":68,"column":22},"end":{"line":68,"column":36}},{"start":{"line":68,"column":40},"end":{"line":68,"column":67}}],"line":68},"6":{"loc":{"start":{"line":70,"column":4},"end":{"line":103,"column":5}},"type":"if","locations":[{"start":{"line":70,"column":4},"end":{"line":103,"column":5}},{"start":{},"end":{}}],"line":70},"7":{"loc":{"start":{"line":80,"column":6},"end":{"line":85,"column":7}},"type":"if","locations":[{"start":{"line":80,"column":6},"end":{"line":85,"column":7}},{"start":{},"end":{}}],"line":80},"8":{"loc":{"start":{"line":80,"column":10},"end":{"line":80,"column":24}},"type":"binary-expr","locations":[{"start":{"line":80,"column":10},"end":{"line":80,"column":15}},{"start":{"line":80,"column":19},"end":{"line":80,"column":24}}],"line":80},"9":{"loc":{"start":{"line":87,"column":6},"end":{"line":92,"column":7}},"type":"if","locations":[{"start":{"line":87,"column":6},"end":{"line":92,"column":7}},{"start":{},"end":{}}],"line":87},"10":{"loc":{"start":{"line":108,"column":4},"end":{"line":113,"column":5}},"type":"if","locations":[{"start":{"line":108,"column":4},"end":{"line":113,"column":5}},{"start":{},"end":{}}],"line":108},"11":{"loc":{"start":{"line":119,"column":4},"end":{"line":124,"column":5}},"type":"if","locations":[{"start":{"line":119,"column":4},"end":{"line":124,"column":5}},{"start":{},"end":{}}],"line":119},"12":{"loc":{"start":{"line":134,"column":4},"end":{"line":139,"column":5}},"type":"if","locations":[{"start":{"line":134,"column":4},"end":{"line":139,"column":5}},{"start":{},"end":{}}],"line":134},"13":{"loc":{"start":{"line":141,"column":4},"end":{"line":146,"column":5}},"type":"if","locations":[{"start":{"line":141,"column":4},"end":{"line":146,"column":5}},{"start":{},"end":{}}],"line":141}},"s":{"0":0,"1":0,"2":0,"3":0,"4":0,"5":0,"6":0,"7":0,"8":0,"9":0,"10":0,"11":0,"12":0,"13":0,"14":0,"15":0,"16":0,"17":0,"18":0,"19":0,"20":0,"21":0,"22":0,"23":0,"24":0,"25":0,"26":0,"27":0,"28":0,"29":0,"30":0,"31":0,"32":0,"33":0,"34":0,"35":0,"36":0,"37":0,"38":0,"39":0,"40":0,"41":0,"42":0,"43":0},"f":{"0":0,"1":0},"b":{"0":[0,0],"1":[0,0],"2":[0,0],"3":[0,0],"4":[0,0],"5":[0,0],"6":[0,0],"7":[0,0],"8":[0,0],"9":[0,0],"10":[0,0],"11":[0,0],"12":[0,0],"13":[0,0]}}
,"/Users/zanirhabib/dev/mandli/backend/src/routes/auth.js": {"path":"/Users/zanirhabib/dev/mandli/backend/src/routes/auth.js","statementMap":{"0":{"start":{"line":1,"column":16},"end":{"line":1,"column":34}},"1":{"start":{"line":2,"column":15},"end":{"line":2,"column":34}},"2":{"start":{"line":3,"column":12},"end":{"line":3,"column":35}},"3":{"start":{"line":4,"column":26},"end":{"line":4,"column":55}},"4":{"start":{"line":5,"column":15},"end":{"line":5,"column":35}},"5":{"start":{"line":7,"column":15},"end":{"line":7,"column":31}},"6":{"start":{"line":28,"column":0},"end":{"line":109,"column":3}},"7":{"start":{"line":29,"column":2},"end":{"line":108,"column":3}},"8":{"start":{"line":30,"column":35},"end":{"line":30,"column":43}},"9":{"start":{"line":33,"column":4},"end":{"line":38,"column":5}},"10":{"start":{"line":34,"column":6},"end":{"line":37,"column":9}},"11":{"start":{"line":41,"column":48},"end":{"line":45,"column":15}},"12":{"start":{"line":47,"column":4},"end":{"line":53,"column":5}},"13":{"start":{"line":48,"column":6},"end":{"line":48,"column":51}},"14":{"start":{"line":49,"column":6},"end":{"line":52,"column":9}},"15":{"start":{"line":55,"column":4},"end":{"line":60,"column":5}},"16":{"start":{"line":56,"column":6},"end":{"line":59,"column":9}},"17":{"start":{"line":62,"column":18},"end":{"line":62,"column":27}},"18":{"start":{"line":65,"column":28},"end":{"line":65,"column":79}},"19":{"start":{"line":67,"column":4},"end":{"line":72,"column":5}},"20":{"start":{"line":68,"column":6},"end":{"line":71,"column":9}},"21":{"start":{"line":75,"column":4},"end":{"line":78,"column":26}},"22":{"start":{"line":81,"column":18},"end":{"line":91,"column":5}},"23":{"start":{"line":94,"column":4},"end":{"line":100,"column":7}},"24":{"start":{"line":103,"column":4},"end":{"line":103,"column":41}},"25":{"start":{"line":104,"column":4},"end":{"line":107,"column":7}},"26":{"start":{"line":116,"column":0},"end":{"line":146,"column":3}},"27":{"start":{"line":117,"column":2},"end":{"line":145,"column":3}},"28":{"start":{"line":118,"column":23},"end":{"line":118,"column":48}},"29":{"start":{"line":120,"column":4},"end":{"line":125,"column":5}},"30":{"start":{"line":121,"column":6},"end":{"line":124,"column":9}},"31":{"start":{"line":127,"column":18},"end":{"line":127,"column":41}},"32":{"start":{"line":130,"column":20},"end":{"line":130,"column":56}},"33":{"start":{"line":132,"column":4},"end":{"line":138,"column":7}},"34":{"start":{"line":141,"column":4},"end":{"line":144,"column":7}},"35":{"start":{"line":148,"column":0},"end":{"line":148,"column":24}}},"fnMap":{"0":{"name":"(anonymous_0)","decl":{"start":{"line":28,"column":22},"end":{"line":28,"column":23}},"loc":{"start":{"line":28,"column":42},"end":{"line":109,"column":1}},"line":28},"1":{"name":"(anonymous_1)","decl":{"start":{"line":116,"column":22},"end":{"line":116,"column":23}},"loc":{"start":{"line":116,"column":42},"end":{"line":146,"column":1}},"line":116}},"branchMap":{"0":{"loc":{"start":{"line":33,"column":4},"end":{"line":38,"column":5}},"type":"if","locations":[{"start":{"line":33,"column":4},"end":{"line":38,"column":5}},{"start":{},"end":{}}],"line":33},"1":{"loc":{"start":{"line":33,"column":8},"end":{"line":33,"column":30}},"type":"binary-expr","locations":[{"start":{"line":33,"column":8},"end":{"line":33,"column":17}},{"start":{"line":33,"column":21},"end":{"line":33,"column":30}}],"line":33},"2":{"loc":{"start":{"line":47,"column":4},"end":{"line":53,"column":5}},"type":"if","locations":[{"start":{"line":47,"column":4},"end":{"line":53,"column":5}},{"start":{},"end":{}}],"line":47},"3":{"loc":{"start":{"line":55,"column":4},"end":{"line":60,"column":5}},"type":"if","locations":[{"start":{"line":55,"column":4},"end":{"line":60,"column":5}},{"start":{},"end":{}}],"line":55},"4":{"loc":{"start":{"line":55,"column":8},"end":{"line":55,"column":38}},"type":"binary-expr","locations":[{"start":{"line":55,"column":8},"end":{"line":55,"column":15}},{"start":{"line":55,"column":19},"end":{"line":55,"column":38}}],"line":55},"5":{"loc":{"start":{"line":67,"column":4},"end":{"line":72,"column":5}},"type":"if","locations":[{"start":{"line":67,"column":4},"end":{"line":72,"column":5}},{"start":{},"end":{}}],"line":67},"6":{"loc":{"start":{"line":120,"column":4},"end":{"line":125,"column":5}},"type":"if","locations":[{"start":{"line":120,"column":4},"end":{"line":125,"column":5}},{"start":{},"end":{}}],"line":120},"7":{"loc":{"start":{"line":120,"column":8},"end":{"line":120,"column":56}},"type":"binary-expr","locations":[{"start":{"line":120,"column":8},"end":{"line":120,"column":19}},{"start":{"line":120,"column":23},"end":{"line":120,"column":56}}],"line":120}},"s":{"0":0,"1":0,"2":0,"3":0,"4":0,"5":0,"6":0,"7":0,"8":0,"9":0,"10":0,"11":0,"12":0,"13":0,"14":0,"15":0,"16":0,"17":0,"18":0,"19":0,"20":0,"21":0,"22":0,"23":0,"24":0,"25":0,"26":0,"27":0,"28":0,"29":0,"30":0,"31":0,"32":0,"33":0,"34":0,"35":0},"f":{"0":0,"1":0},"b":{"0":[0,0],"1":[0,0],"2":[0,0],"3":[0,0],"4":[0,0],"5":[0,0],"6":[0,0],"7":[0,0]}}
,"/Users/zanirhabib/dev/mandli/backend/src/routes/availability.js": {"path":"/Users/zanirhabib/dev/mandli/backend/src/routes/availability.js","statementMap":{"0":{"start":{"line":1,"column":16},"end":{"line":1,"column":34}},"1":{"start":{"line":2,"column":42},"end":{"line":2,"column":71}},"2":{"start":{"line":3,"column":52},"end":{"line":3,"column":81}},"3":{"start":{"line":5,"column":15},"end":{"line":5,"column":31}},"4":{"start":{"line":19,"column":0},"end":{"line":90,"column":3}},"5":{"start":{"line":20,"column":2},"end":{"line":89,"column":3}},"6":{"start":{"line":21,"column":47},"end":{"line":21,"column":55}},"7":{"start":{"line":24,"column":4},"end":{"line":29,"column":5}},"8":{"start":{"line":25,"column":6},"end":{"line":28,"column":9}},"9":{"start":{"line":32,"column":4},"end":{"line":37,"column":5}},"10":{"start":{"line":33,"column":6},"end":{"line":36,"column":9}},"11":{"start":{"line":40,"column":4},"end":{"line":45,"column":5}},"12":{"start":{"line":41,"column":6},"end":{"line":44,"column":9}},"13":{"start":{"line":48,"column":24},"end":{"line":48,"column":73}},"14":{"start":{"line":48,"column":53},"end":{"line":48,"column":72}},"15":{"start":{"line":49,"column":4},"end":{"line":54,"column":5}},"16":{"start":{"line":50,"column":6},"end":{"line":53,"column":9}},"17":{"start":{"line":57,"column":28},"end":{"line":68,"column":15}},"18":{"start":{"line":70,"column":4},"end":{"line":76,"column":5}},"19":{"start":{"line":71,"column":6},"end":{"line":71,"column":46}},"20":{"start":{"line":72,"column":6},"end":{"line":75,"column":9}},"21":{"start":{"line":78,"column":4},"end":{"line":81,"column":7}},"22":{"start":{"line":84,"column":4},"end":{"line":84,"column":55}},"23":{"start":{"line":85,"column":4},"end":{"line":88,"column":7}},"24":{"start":{"line":103,"column":0},"end":{"line":215,"column":3}},"25":{"start":{"line":104,"column":2},"end":{"line":214,"column":3}},"26":{"start":{"line":105,"column":38},"end":{"line":105,"column":46}},"27":{"start":{"line":106,"column":19},"end":{"line":106,"column":30}},"28":{"start":{"line":109,"column":4},"end":{"line":114,"column":5}},"29":{"start":{"line":110,"column":6},"end":{"line":113,"column":9}},"30":{"start":{"line":117,"column":4},"end":{"line":122,"column":5}},"31":{"start":{"line":118,"column":6},"end":{"line":121,"column":9}},"32":{"start":{"line":125,"column":4},"end":{"line":130,"column":5}},"33":{"start":{"line":126,"column":6},"end":{"line":129,"column":9}},"34":{"start":{"line":133,"column":24},"end":{"line":133,"column":73}},"35":{"start":{"line":133,"column":53},"end":{"line":133,"column":72}},"36":{"start":{"line":134,"column":4},"end":{"line":139,"column":5}},"37":{"start":{"line":135,"column":6},"end":{"line":138,"column":9}},"38":{"start":{"line":142,"column":50},"end":{"line":147,"column":15}},"39":{"start":{"line":149,"column":4},"end":{"line":155,"column":5}},"40":{"start":{"line":150,"column":6},"end":{"line":150,"column":51}},"41":{"start":{"line":151,"column":6},"end":{"line":154,"column":9}},"42":{"start":{"line":159,"column":4},"end":{"line":201,"column":5}},"43":{"start":{"line":161,"column":30},"end":{"line":169,"column":17}},"44":{"start":{"line":171,"column":6},"end":{"line":177,"column":7}},"45":{"start":{"line":172,"column":8},"end":{"line":172,"column":48}},"46":{"start":{"line":173,"column":8},"end":{"line":176,"column":11}},"47":{"start":{"line":179,"column":6},"end":{"line":179,"column":20}},"48":{"start":{"line":182,"column":30},"end":{"line":190,"column":17}},"49":{"start":{"line":192,"column":6},"end":{"line":198,"column":7}},"50":{"start":{"line":193,"column":8},"end":{"line":193,"column":48}},"51":{"start":{"line":194,"column":8},"end":{"line":197,"column":11}},"52":{"start":{"line":200,"column":6},"end":{"line":200,"column":20}},"53":{"start":{"line":203,"column":4},"end":{"line":206,"column":7}},"54":{"start":{"line":209,"column":4},"end":{"line":209,"column":55}},"55":{"start":{"line":210,"column":4},"end":{"line":213,"column":7}},"56":{"start":{"line":225,"column":0},"end":{"line":265,"column":3}},"57":{"start":{"line":226,"column":2},"end":{"line":264,"column":3}},"58":{"start":{"line":227,"column":22},"end":{"line":227,"column":31}},"59":{"start":{"line":228,"column":19},"end":{"line":228,"column":30}},"60":{"start":{"line":230,"column":4},"end":{"line":235,"column":5}},"61":{"start":{"line":231,"column":6},"end":{"line":234,"column":9}},"62":{"start":{"line":238,"column":42},"end":{"line":243,"column":15}},"63":{"start":{"line":245,"column":4},"end":{"line":251,"column":5}},"64":{"start":{"line":246,"column":6},"end":{"line":246,"column":46}},"65":{"start":{"line":247,"column":6},"end":{"line":250,"column":9}},"66":{"start":{"line":253,"column":4},"end":{"line":256,"column":7}},"67":{"start":{"line":259,"column":4},"end":{"line":259,"column":57}},"68":{"start":{"line":260,"column":4},"end":{"line":263,"column":7}},"69":{"start":{"line":272,"column":0},"end":{"line":320,"column":3}},"70":{"start":{"line":273,"column":2},"end":{"line":319,"column":3}},"71":{"start":{"line":274,"column":22},"end":{"line":274,"column":32}},"72":{"start":{"line":277,"column":4},"end":{"line":282,"column":5}},"73":{"start":{"line":278,"column":6},"end":{"line":281,"column":9}},"74":{"start":{"line":285,"column":42},"end":{"line":298,"column":50}},"75":{"start":{"line":300,"column":4},"end":{"line":306,"column":5}},"76":{"start":{"line":301,"column":6},"end":{"line":301,"column":46}},"77":{"start":{"line":302,"column":6},"end":{"line":305,"column":9}},"78":{"start":{"line":308,"column":4},"end":{"line":311,"column":7}},"79":{"start":{"line":314,"column":4},"end":{"line":314,"column":57}},"80":{"start":{"line":315,"column":4},"end":{"line":318,"column":7}},"81":{"start":{"line":327,"column":0},"end":{"line":357,"column":3}},"82":{"start":{"line":328,"column":2},"end":{"line":356,"column":3}},"83":{"start":{"line":329,"column":22},"end":{"line":329,"column":32}},"84":{"start":{"line":332,"column":36},"end":{"line":335,"column":25}},"85":{"start":{"line":337,"column":4},"end":{"line":343,"column":5}},"86":{"start":{"line":338,"column":6},"end":{"line":338,"column":46}},"87":{"start":{"line":339,"column":6},"end":{"line":342,"column":9}},"88":{"start":{"line":345,"column":4},"end":{"line":348,"column":7}},"89":{"start":{"line":351,"column":4},"end":{"line":351,"column":64}},"90":{"start":{"line":352,"column":4},"end":{"line":355,"column":7}},"91":{"start":{"line":359,"column":0},"end":{"line":359,"column":24}}},"fnMap":{"0":{"name":"(anonymous_0)","decl":{"start":{"line":19,"column":41},"end":{"line":19,"column":42}},"loc":{"start":{"line":19,"column":61},"end":{"line":90,"column":1}},"line":19},"1":{"name":"(anonymous_1)","decl":{"start":{"line":48,"column":46},"end":{"line":48,"column":47}},"loc":{"start":{"line":48,"column":53},"end":{"line":48,"column":72}},"line":48},"2":{"name":"(anonymous_2)","decl":{"start":{"line":103,"column":39},"end":{"line":103,"column":40}},"loc":{"start":{"line":103,"column":59},"end":{"line":215,"column":1}},"line":103},"3":{"name":"(anonymous_3)","decl":{"start":{"line":133,"column":46},"end":{"line":133,"column":47}},"loc":{"start":{"line":133,"column":53},"end":{"line":133,"column":72}},"line":133},"4":{"name":"(anonymous_4)","decl":{"start":{"line":225,"column":38},"end":{"line":225,"column":39}},"loc":{"start":{"line":225,"column":58},"end":{"line":265,"column":1}},"line":225},"5":{"name":"(anonymous_5)","decl":{"start":{"line":272,"column":47},"end":{"line":272,"column":48}},"loc":{"start":{"line":272,"column":67},"end":{"line":320,"column":1}},"line":272},"6":{"name":"(anonymous_6)","decl":{"start":{"line":327,"column":48},"end":{"line":327,"column":49}},"loc":{"start":{"line":327,"column":68},"end":{"line":357,"column":1}},"line":327}},"branchMap":{"0":{"loc":{"start":{"line":24,"column":4},"end":{"line":29,"column":5}},"type":"if","locations":[{"start":{"line":24,"column":4},"end":{"line":29,"column":5}},{"start":{},"end":{}}],"line":24},"1":{"loc":{"start":{"line":24,"column":8},"end":{"line":24,"column":45}},"type":"binary-expr","locations":[{"start":{"line":24,"column":8},"end":{"line":24,"column":16}},{"start":{"line":24,"column":20},"end":{"line":24,"column":26}},{"start":{"line":24,"column":30},"end":{"line":24,"column":45}}],"line":24},"2":{"loc":{"start":{"line":32,"column":4},"end":{"line":37,"column":5}},"type":"if","locations":[{"start":{"line":32,"column":4},"end":{"line":37,"column":5}},{"start":{},"end":{}}],"line":32},"3":{"loc":{"start":{"line":40,"column":4},"end":{"line":45,"column":5}},"type":"if","locations":[{"start":{"line":40,"column":4},"end":{"line":45,"column":5}},{"start":{},"end":{}}],"line":40},"4":{"loc":{"start":{"line":48,"column":53},"end":{"line":48,"column":72}},"type":"binary-expr","locations":[{"start":{"line":48,"column":53},"end":{"line":48,"column":60}},{"start":{"line":48,"column":64},"end":{"line":48,"column":72}}],"line":48},"5":{"loc":{"start":{"line":49,"column":4},"end":{"line":54,"column":5}},"type":"if","locations":[{"start":{"line":49,"column":4},"end":{"line":54,"column":5}},{"start":{},"end":{}}],"line":49},"6":{"loc":{"start":{"line":70,"column":4},"end":{"line":76,"column":5}},"type":"if","locations":[{"start":{"line":70,"column":4},"end":{"line":76,"column":5}},{"start":{},"end":{}}],"line":70},"7":{"loc":{"start":{"line":109,"column":4},"end":{"line":114,"column":5}},"type":"if","locations":[{"start":{"line":109,"column":4},"end":{"line":114,"column":5}},{"start":{},"end":{}}],"line":109},"8":{"loc":{"start":{"line":109,"column":8},"end":{"line":109,"column":33}},"type":"binary-expr","locations":[{"start":{"line":109,"column":8},"end":{"line":109,"column":14}},{"start":{"line":109,"column":18},"end":{"line":109,"column":33}}],"line":109},"9":{"loc":{"start":{"line":117,"column":4},"end":{"line":122,"column":5}},"type":"if","locations":[{"start":{"line":117,"column":4},"end":{"line":122,"column":5}},{"start":{},"end":{}}],"line":117},"10":{"loc":{"start":{"line":125,"column":4},"end":{"line":130,"column":5}},"type":"if","locations":[{"start":{"line":125,"column":4},"end":{"line":130,"column":5}},{"start":{},"end":{}}],"line":125},"11":{"loc":{"start":{"line":133,"column":53},"end":{"line":133,"column":72}},"type":"binary-expr","locations":[{"start":{"line":133,"column":53},"end":{"line":133,"column":60}},{"start":{"line":133,"column":64},"end":{"line":133,"column":72}}],"line":133},"12":{"loc":{"start":{"line":134,"column":4},"end":{"line":139,"column":5}},"type":"if","locations":[{"start":{"line":134,"column":4},"end":{"line":139,"column":5}},{"start":{},"end":{}}],"line":134},"13":{"loc":{"start":{"line":149,"column":4},"end":{"line":155,"column":5}},"type":"if","locations":[{"start":{"line":149,"column":4},"end":{"line":155,"column":5}},{"start":{},"end":{}}],"line":149},"14":{"loc":{"start":{"line":149,"column":8},"end":{"line":149,"column":52}},"type":"binary-expr","locations":[{"start":{"line":149,"column":8},"end":{"line":149,"column":18}},{"start":{"line":149,"column":22},"end":{"line":149,"column":52}}],"line":149},"15":{"loc":{"start":{"line":159,"column":4},"end":{"line":201,"column":5}},"type":"if","locations":[{"start":{"line":159,"column":4},"end":{"line":201,"column":5}},{"start":{"line":180,"column":11},"end":{"line":201,"column":5}}],"line":159},"16":{"loc":{"start":{"line":171,"column":6},"end":{"line":177,"column":7}},"type":"if","locations":[{"start":{"line":171,"column":6},"end":{"line":177,"column":7}},{"start":{},"end":{}}],"line":171},"17":{"loc":{"start":{"line":192,"column":6},"end":{"line":198,"column":7}},"type":"if","locations":[{"start":{"line":192,"column":6},"end":{"line":198,"column":7}},{"start":{},"end":{}}],"line":192},"18":{"loc":{"start":{"line":230,"column":4},"end":{"line":235,"column":5}},"type":"if","locations":[{"start":{"line":230,"column":4},"end":{"line":235,"column":5}},{"start":{},"end":{}}],"line":230},"19":{"loc":{"start":{"line":245,"column":4},"end":{"line":251,"column":5}},"type":"if","locations":[{"start":{"line":245,"column":4},"end":{"line":251,"column":5}},{"start":{},"end":{}}],"line":245},"20":{"loc":{"start":{"line":245,"column":8},"end":{"line":245,"column":42}},"type":"binary-expr","locations":[{"start":{"line":245,"column":8},"end":{"line":245,"column":13}},{"start":{"line":245,"column":17},"end":{"line":245,"column":42}}],"line":245},"21":{"loc":{"start":{"line":254,"column":20},"end":{"line":254,"column":40}},"type":"binary-expr","locations":[{"start":{"line":254,"column":20},"end":{"line":254,"column":32}},{"start":{"line":254,"column":36},"end":{"line":254,"column":40}}],"line":254},"22":{"loc":{"start":{"line":277,"column":4},"end":{"line":282,"column":5}},"type":"if","locations":[{"start":{"line":277,"column":4},"end":{"line":282,"column":5}},{"start":{},"end":{}}],"line":277},"23":{"loc":{"start":{"line":300,"column":4},"end":{"line":306,"column":5}},"type":"if","locations":[{"start":{"line":300,"column":4},"end":{"line":306,"column":5}},{"start":{},"end":{}}],"line":300},"24":{"loc":{"start":{"line":310,"column":20},"end":{"line":310,"column":38}},"type":"binary-expr","locations":[{"start":{"line":310,"column":20},"end":{"line":310,"column":32}},{"start":{"line":310,"column":36},"end":{"line":310,"column":38}}],"line":310},"25":{"loc":{"start":{"line":337,"column":4},"end":{"line":343,"column":5}},"type":"if","locations":[{"start":{"line":337,"column":4},"end":{"line":343,"column":5}},{"start":{},"end":{}}],"line":337},"26":{"loc":{"start":{"line":347,"column":14},"end":{"line":347,"column":26}},"type":"binary-expr","locations":[{"start":{"line":347,"column":14},"end":{"line":347,"column":20}},{"start":{"line":347,"column":24},"end":{"line":347,"column":26}}],"line":347}},"s":{"0":0,"1":0,"2":0,"3":0,"4":0,"5":0,"6":0,"7":0,"8":0,"9":0,"10":0,"11":0,"12":0,"13":0,"14":0,"15":0,"16":0,"17":0,"18":0,"19":0,"20":0,"21":0,"22":0,"23":0,"24":0,"25":0,"26":0,"27":0,"28":0,"29":0,"30":0,"31":0,"32":0,"33":0,"34":0,"35":0,"36":0,"37":0,"38":0,"39":0,"40":0,"41":0,"42":0,"43":0,"44":0,"45":0,"46":0,"47":0,"48":0,"49":0,"50":0,"51":0,"52":0,"53":0,"54":0,"55":0,"56":0,"57":0,"58":0,"59":0,"60":0,"61":0,"62":0,"63":0,"64":0,"65":0,"66":0,"67":0,"68":0,"69":0,"70":0,"71":0,"72":0,"73":0,"74":0,"75":0,"76":0,"77":0,"78":0,"79":0,"80":0,"81":0,"82":0,"83":0,"84":0,"85":0,"86":0,"87":0,"88":0,"89":0,"90":0,"91":0},"f":{"0":0,"1":0,"2":0,"3":0,"4":0,"5":0,"6":0},"b":{"0":[0,0],"1":[0,0,0],"2":[0,0],"3":[0,0],"4":[0,0],"5":[0,0],"6":[0,0],"7":[0,0],"8":[0,0],"9":[0,0],"10":[0,0],"11":[0,0],"12":[0,0],"13":[0,0],"14":[0,0],"15":[0,0],"16":[0,0],"17":[0,0],"18":[0,0],"19":[0,0],"20":[0,0],"21":[0,0],"22":[0,0],"23":[0,0],"24":[0,0],"25":[0,0],"26":[0,0]}}
,"/Users/zanirhabib/dev/mandli/backend/src/routes/calendar.js": {"path":"/Users/zanirhabib/dev/mandli/backend/src/routes/calendar.js","statementMap":{"0":{"start":{"line":1,"column":16},"end":{"line":1,"column":34}},"1":{"start":{"line":2,"column":26},"end":{"line":2,"column":55}},"2":{"start":{"line":3,"column":30},"end":{"line":3,"column":59}},"3":{"start":{"line":4,"column":24},"end":{"line":4,"column":55}},"4":{"start":{"line":6,"column":15},"end":{"line":6,"column":31}},"5":{"start":{"line":13,"column":0},"end":{"line":75,"column":3}},"6":{"start":{"line":14,"column":2},"end":{"line":74,"column":3}},"7":{"start":{"line":15,"column":22},"end":{"line":15,"column":30}},"8":{"start":{"line":17,"column":4},"end":{"line":22,"column":5}},"9":{"start":{"line":18,"column":6},"end":{"line":21,"column":9}},"10":{"start":{"line":25,"column":32},"end":{"line":29,"column":15}},"11":{"start":{"line":32,"column":4},"end":{"line":54,"column":5}},"12":{"start":{"line":33,"column":6},"end":{"line":33,"column":71}},"13":{"start":{"line":35,"column":52},"end":{"line":43,"column":17}},"14":{"start":{"line":45,"column":6},"end":{"line":51,"column":7}},"15":{"start":{"line":46,"column":8},"end":{"line":46,"column":59}},"16":{"start":{"line":47,"column":8},"end":{"line":50,"column":11}},"17":{"start":{"line":53,"column":6},"end":{"line":53,"column":21}},"18":{"start":{"line":57,"column":20},"end":{"line":57,"column":55}},"19":{"start":{"line":59,"column":4},"end":{"line":66,"column":7}},"20":{"start":{"line":69,"column":4},"end":{"line":69,"column":52}},"21":{"start":{"line":70,"column":4},"end":{"line":73,"column":7}},"22":{"start":{"line":82,"column":0},"end":{"line":120,"column":3}},"23":{"start":{"line":83,"column":2},"end":{"line":119,"column":3}},"24":{"start":{"line":84,"column":23},"end":{"line":84,"column":33}},"25":{"start":{"line":87,"column":34},"end":{"line":91,"column":15}},"26":{"start":{"line":93,"column":4},"end":{"line":98,"column":5}},"27":{"start":{"line":94,"column":6},"end":{"line":97,"column":9}},"28":{"start":{"line":101,"column":20},"end":{"line":101,"column":54}},"29":{"start":{"line":103,"column":4},"end":{"line":111,"column":7}},"30":{"start":{"line":114,"column":4},"end":{"line":114,"column":52}},"31":{"start":{"line":115,"column":4},"end":{"line":118,"column":7}},"32":{"start":{"line":126,"column":0},"end":{"line":277,"column":3}},"33":{"start":{"line":127,"column":2},"end":{"line":276,"column":3}},"34":{"start":{"line":128,"column":43},"end":{"line":128,"column":52}},"35":{"start":{"line":130,"column":4},"end":{"line":140,"column":5}},"36":{"start":{"line":131,"column":6},"end":{"line":139,"column":9}},"37":{"start":{"line":142,"column":4},"end":{"line":144,"column":5}},"38":{"start":{"line":143,"column":6},"end":{"line":143,"column":75}},"39":{"start":{"line":147,"column":19},"end":{"line":147,"column":64}},"40":{"start":{"line":151,"column":4},"end":{"line":154,"column":32}},"41":{"start":{"line":157,"column":31},"end":{"line":165,"column":8}},"42":{"start":{"line":167,"column":4},"end":{"line":170,"column":5}},"43":{"start":{"line":168,"column":6},"end":{"line":168,"column":48}},"44":{"start":{"line":169,"column":6},"end":{"line":169,"column":66}},"45":{"start":{"line":173,"column":4},"end":{"line":263,"column":7}},"46":{"start":{"line":266,"column":4},"end":{"line":266,"column":50}},"47":{"start":{"line":267,"column":4},"end":{"line":275,"column":7}},"48":{"start":{"line":284,"column":0},"end":{"line":368,"column":3}},"49":{"start":{"line":285,"column":2},"end":{"line":367,"column":3}},"50":{"start":{"line":286,"column":92},"end":{"line":286,"column":100}},"51":{"start":{"line":289,"column":4},"end":{"line":294,"column":5}},"52":{"start":{"line":290,"column":6},"end":{"line":293,"column":9}},"53":{"start":{"line":297,"column":49},"end":{"line":301,"column":15}},"54":{"start":{"line":303,"column":4},"end":{"line":308,"column":5}},"55":{"start":{"line":304,"column":6},"end":{"line":307,"column":9}},"56":{"start":{"line":311,"column":17},"end":{"line":315,"column":5}},"57":{"start":{"line":318,"column":4},"end":{"line":330,"column":5}},"58":{"start":{"line":319,"column":6},"end":{"line":319,"column":50}},"59":{"start":{"line":320,"column":6},"end":{"line":320,"column":80}},"60":{"start":{"line":323,"column":6},"end":{"line":329,"column":34}},"61":{"start":{"line":333,"column":18},"end":{"line":340,"column":6}},"62":{"start":{"line":343,"column":27},"end":{"line":347,"column":15}},"63":{"start":{"line":349,"column":4},"end":{"line":359,"column":7}},"64":{"start":{"line":362,"column":4},"end":{"line":362,"column":50}},"65":{"start":{"line":363,"column":4},"end":{"line":366,"column":7}},"66":{"start":{"line":374,"column":0},"end":{"line":406,"column":3}},"67":{"start":{"line":375,"column":2},"end":{"line":405,"column":3}},"68":{"start":{"line":376,"column":23},"end":{"line":376,"column":33}},"69":{"start":{"line":378,"column":38},"end":{"line":382,"column":15}},"70":{"start":{"line":384,"column":4},"end":{"line":389,"column":5}},"71":{"start":{"line":385,"column":6},"end":{"line":388,"column":9}},"72":{"start":{"line":391,"column":22},"end":{"line":391,"column":64}},"73":{"start":{"line":393,"column":4},"end":{"line":397,"column":7}},"74":{"start":{"line":400,"column":4},"end":{"line":400,"column":51}},"75":{"start":{"line":401,"column":4},"end":{"line":404,"column":7}},"76":{"start":{"line":408,"column":0},"end":{"line":408,"column":24}}},"fnMap":{"0":{"name":"(anonymous_0)","decl":{"start":{"line":13,"column":33},"end":{"line":13,"column":34}},"loc":{"start":{"line":13,"column":53},"end":{"line":75,"column":1}},"line":13},"1":{"name":"(anonymous_1)","decl":{"start":{"line":82,"column":32},"end":{"line":82,"column":33}},"loc":{"start":{"line":82,"column":52},"end":{"line":120,"column":1}},"line":82},"2":{"name":"(anonymous_2)","decl":{"start":{"line":126,"column":24},"end":{"line":126,"column":25}},"loc":{"start":{"line":126,"column":44},"end":{"line":277,"column":1}},"line":126},"3":{"name":"(anonymous_3)","decl":{"start":{"line":284,"column":47},"end":{"line":284,"column":48}},"loc":{"start":{"line":284,"column":67},"end":{"line":368,"column":1}},"line":284},"4":{"name":"(anonymous_4)","decl":{"start":{"line":374,"column":49},"end":{"line":374,"column":50}},"loc":{"start":{"line":374,"column":69},"end":{"line":406,"column":1}},"line":374}},"branchMap":{"0":{"loc":{"start":{"line":17,"column":4},"end":{"line":22,"column":5}},"type":"if","locations":[{"start":{"line":17,"column":4},"end":{"line":22,"column":5}},{"start":{},"end":{}}],"line":17},"1":{"loc":{"start":{"line":32,"column":4},"end":{"line":54,"column":5}},"type":"if","locations":[{"start":{"line":32,"column":4},"end":{"line":54,"column":5}},{"start":{},"end":{}}],"line":32},"2":{"loc":{"start":{"line":32,"column":8},"end":{"line":32,"column":22}},"type":"binary-expr","locations":[{"start":{"line":32,"column":8},"end":{"line":32,"column":13}},{"start":{"line":32,"column":17},"end":{"line":32,"column":22}}],"line":32},"3":{"loc":{"start":{"line":45,"column":6},"end":{"line":51,"column":7}},"type":"if","locations":[{"start":{"line":45,"column":6},"end":{"line":51,"column":7}},{"start":{},"end":{}}],"line":45},"4":{"loc":{"start":{"line":93,"column":4},"end":{"line":98,"column":5}},"type":"if","locations":[{"start":{"line":93,"column":4},"end":{"line":98,"column":5}},{"start":{},"end":{}}],"line":93},"5":{"loc":{"start":{"line":93,"column":8},"end":{"line":93,"column":22}},"type":"binary-expr","locations":[{"start":{"line":93,"column":8},"end":{"line":93,"column":13}},{"start":{"line":93,"column":17},"end":{"line":93,"column":22}}],"line":93},"6":{"loc":{"start":{"line":130,"column":4},"end":{"line":140,"column":5}},"type":"if","locations":[{"start":{"line":130,"column":4},"end":{"line":140,"column":5}},{"start":{},"end":{}}],"line":130},"7":{"loc":{"start":{"line":142,"column":4},"end":{"line":144,"column":5}},"type":"if","locations":[{"start":{"line":142,"column":4},"end":{"line":144,"column":5}},{"start":{},"end":{}}],"line":142},"8":{"loc":{"start":{"line":142,"column":8},"end":{"line":142,"column":24}},"type":"binary-expr","locations":[{"start":{"line":142,"column":8},"end":{"line":142,"column":13}},{"start":{"line":142,"column":17},"end":{"line":142,"column":24}}],"line":142},"9":{"loc":{"start":{"line":167,"column":4},"end":{"line":170,"column":5}},"type":"if","locations":[{"start":{"line":167,"column":4},"end":{"line":170,"column":5}},{"start":{},"end":{}}],"line":167},"10":{"loc":{"start":{"line":289,"column":4},"end":{"line":294,"column":5}},"type":"if","locations":[{"start":{"line":289,"column":4},"end":{"line":294,"column":5}},{"start":{},"end":{}}],"line":289},"11":{"loc":{"start":{"line":289,"column":8},"end":{"line":289,"column":59}},"type":"binary-expr","locations":[{"start":{"line":289,"column":8},"end":{"line":289,"column":15}},{"start":{"line":289,"column":19},"end":{"line":289,"column":25}},{"start":{"line":289,"column":29},"end":{"line":289,"column":43}},{"start":{"line":289,"column":47},"end":{"line":289,"column":59}}],"line":289},"12":{"loc":{"start":{"line":303,"column":4},"end":{"line":308,"column":5}},"type":"if","locations":[{"start":{"line":303,"column":4},"end":{"line":308,"column":5}},{"start":{},"end":{}}],"line":303},"13":{"loc":{"start":{"line":303,"column":8},"end":{"line":303,"column":30}},"type":"binary-expr","locations":[{"start":{"line":303,"column":8},"end":{"line":303,"column":17}},{"start":{"line":303,"column":21},"end":{"line":303,"column":30}}],"line":303},"14":{"loc":{"start":{"line":318,"column":4},"end":{"line":330,"column":5}},"type":"if","locations":[{"start":{"line":318,"column":4},"end":{"line":330,"column":5}},{"start":{},"end":{}}],"line":318},"15":{"loc":{"start":{"line":338,"column":16},"end":{"line":338,"column":46}},"type":"binary-expr","locations":[{"start":{"line":338,"column":16},"end":{"line":338,"column":24}},{"start":{"line":338,"column":28},"end":{"line":338,"column":46}}],"line":338},"16":{"loc":{"start":{"line":339,"column":17},"end":{"line":339,"column":32}},"type":"binary-expr","locations":[{"start":{"line":339,"column":17},"end":{"line":339,"column":26}},{"start":{"line":339,"column":30},"end":{"line":339,"column":32}}],"line":339},"17":{"loc":{"start":{"line":351,"column":45},"end":{"line":351,"column":70}},"type":"binary-expr","locations":[{"start":{"line":351,"column":45},"end":{"line":351,"column":60}},{"start":{"line":351,"column":64},"end":{"line":351,"column":70}}],"line":351},"18":{"loc":{"start":{"line":365,"column":15},"end":{"line":365,"column":65}},"type":"binary-expr","locations":[{"start":{"line":365,"column":15},"end":{"line":365,"column":28}},{"start":{"line":365,"column":32},"end":{"line":365,"column":65}}],"line":365},"19":{"loc":{"start":{"line":384,"column":4},"end":{"line":389,"column":5}},"type":"if","locations":[{"start":{"line":384,"column":4},"end":{"line":389,"column":5}},{"start":{},"end":{}}],"line":384},"20":{"loc":{"start":{"line":384,"column":8},"end":{"line":384,"column":26}},"type":"binary-expr","locations":[{"start":{"line":384,"column":8},"end":{"line":384,"column":13}},{"start":{"line":384,"column":17},"end":{"line":384,"column":26}}],"line":384}},"s":{"0":0,"1":0,"2":0,"3":0,"4":0,"5":0,"6":0,"7":0,"8":0,"9":0,"10":0,"11":0,"12":0,"13":0,"14":0,"15":0,"16":0,"17":0,"18":0,"19":0,"20":0,"21":0,"22":0,"23":0,"24":0,"25":0,"26":0,"27":0,"28":0,"29":0,"30":0,"31":0,"32":0,"33":0,"34":0,"35":0,"36":0,"37":0,"38":0,"39":0,"40":0,"41":0,"42":0,"43":0,"44":0,"45":0,"46":0,"47":0,"48":0,"49":0,"50":0,"51":0,"52":0,"53":0,"54":0,"55":0,"56":0,"57":0,"58":0,"59":0,"60":0,"61":0,"62":0,"63":0,"64":0,"65":0,"66":0,"67":0,"68":0,"69":0,"70":0,"71":0,"72":0,"73":0,"74":0,"75":0,"76":0},"f":{"0":0,"1":0,"2":0,"3":0,"4":0},"b":{"0":[0,0],"1":[0,0],"2":[0,0],"3":[0,0],"4":[0,0],"5":[0,0],"6":[0,0],"7":[0,0],"8":[0,0],"9":[0,0],"10":[0,0],"11":[0,0,0,0],"12":[0,0],"13":[0,0],"14":[0,0],"15":[0,0],"16":[0,0],"17":[0,0],"18":[0,0],"19":[0,0],"20":[0,0]}}
,"/Users/zanirhabib/dev/mandli/backend/src/routes/matching.js": {"path":"/Users/zanirhabib/dev/mandli/backend/src/routes/matching.js","statementMap":{"0":{"start":{"line":1,"column":16},"end":{"line":1,"column":34}},"1":{"start":{"line":2,"column":30},"end":{"line":2,"column":59}},"2":{"start":{"line":3,"column":51},"end":{"line":3,"column":82}},"3":{"start":{"line":5,"column":15},"end":{"line":5,"column":31}},"4":{"start":{"line":18,"column":0},"end":{"line":51,"column":3}},"5":{"start":{"line":19,"column":2},"end":{"line":50,"column":3}},"6":{"start":{"line":20,"column":22},"end":{"line":20,"column":30}},"7":{"start":{"line":23,"column":4},"end":{"line":28,"column":5}},"8":{"start":{"line":24,"column":6},"end":{"line":27,"column":9}},"9":{"start":{"line":30,"column":19},"end":{"line":30,"column":55}},"10":{"start":{"line":32,"column":4},"end":{"line":37,"column":5}},"11":{"start":{"line":33,"column":6},"end":{"line":36,"column":9}},"12":{"start":{"line":39,"column":4},"end":{"line":42,"column":7}},"13":{"start":{"line":45,"column":4},"end":{"line":45,"column":55}},"14":{"start":{"line":46,"column":4},"end":{"line":49,"column":7}},"15":{"start":{"line":64,"column":0},"end":{"line":110,"column":3}},"16":{"start":{"line":65,"column":2},"end":{"line":109,"column":3}},"17":{"start":{"line":66,"column":22},"end":{"line":66,"column":30}},"18":{"start":{"line":69,"column":4},"end":{"line":74,"column":5}},"19":{"start":{"line":70,"column":6},"end":{"line":73,"column":9}},"20":{"start":{"line":77,"column":27},"end":{"line":77,"column":63}},"21":{"start":{"line":79,"column":4},"end":{"line":84,"column":5}},"22":{"start":{"line":80,"column":6},"end":{"line":83,"column":9}},"23":{"start":{"line":87,"column":24},"end":{"line":87,"column":78}},"24":{"start":{"line":89,"column":4},"end":{"line":94,"column":5}},"25":{"start":{"line":90,"column":6},"end":{"line":93,"column":9}},"26":{"start":{"line":96,"column":4},"end":{"line":101,"column":7}},"27":{"start":{"line":104,"column":4},"end":{"line":104,"column":53}},"28":{"start":{"line":105,"column":4},"end":{"line":108,"column":7}},"29":{"start":{"line":112,"column":0},"end":{"line":112,"column":24}}},"fnMap":{"0":{"name":"(anonymous_0)","decl":{"start":{"line":18,"column":44},"end":{"line":18,"column":45}},"loc":{"start":{"line":18,"column":64},"end":{"line":51,"column":1}},"line":18},"1":{"name":"(anonymous_1)","decl":{"start":{"line":64,"column":41},"end":{"line":64,"column":42}},"loc":{"start":{"line":64,"column":61},"end":{"line":110,"column":1}},"line":64}},"branchMap":{"0":{"loc":{"start":{"line":23,"column":4},"end":{"line":28,"column":5}},"type":"if","locations":[{"start":{"line":23,"column":4},"end":{"line":28,"column":5}},{"start":{},"end":{}}],"line":23},"1":{"loc":{"start":{"line":23,"column":8},"end":{"line":23,"column":46}},"type":"binary-expr","locations":[{"start":{"line":23,"column":8},"end":{"line":23,"column":14}},{"start":{"line":23,"column":18},"end":{"line":23,"column":46}}],"line":23},"2":{"loc":{"start":{"line":32,"column":4},"end":{"line":37,"column":5}},"type":"if","locations":[{"start":{"line":32,"column":4},"end":{"line":37,"column":5}},{"start":{},"end":{}}],"line":32},"3":{"loc":{"start":{"line":69,"column":4},"end":{"line":74,"column":5}},"type":"if","locations":[{"start":{"line":69,"column":4},"end":{"line":74,"column":5}},{"start":{},"end":{}}],"line":69},"4":{"loc":{"start":{"line":69,"column":8},"end":{"line":69,"column":46}},"type":"binary-expr","locations":[{"start":{"line":69,"column":8},"end":{"line":69,"column":14}},{"start":{"line":69,"column":18},"end":{"line":69,"column":46}}],"line":69},"5":{"loc":{"start":{"line":79,"column":4},"end":{"line":84,"column":5}},"type":"if","locations":[{"start":{"line":79,"column":4},"end":{"line":84,"column":5}},{"start":{},"end":{}}],"line":79},"6":{"loc":{"start":{"line":89,"column":4},"end":{"line":94,"column":5}},"type":"if","locations":[{"start":{"line":89,"column":4},"end":{"line":94,"column":5}},{"start":{},"end":{}}],"line":89}},"s":{"0":0,"1":0,"2":0,"3":0,"4":0,"5":0,"6":0,"7":0,"8":0,"9":0,"10":0,"11":0,"12":0,"13":0,"14":0,"15":0,"16":0,"17":0,"18":0,"19":0,"20":0,"21":0,"22":0,"23":0,"24":0,"25":0,"26":0,"27":0,"28":0,"29":0},"f":{"0":0,"1":0},"b":{"0":[0,0],"1":[0,0],"2":[0,0],"3":[0,0],"4":[0,0],"5":[0,0],"6":[0,0]}}
,"/Users/zanirhabib/dev/mandli/backend/src/routes/schedules.js": {"path":"/Users/zanirhabib/dev/mandli/backend/src/routes/schedules.js","statementMap":{"0":{"start":{"line":1,"column":16},"end":{"line":1,"column":34}},"1":{"start":{"line":2,"column":26},"end":{"line":2,"column":55}},"2":{"start":{"line":3,"column":30},"end":{"line":3,"column":59}},"3":{"start":{"line":5,"column":15},"end":{"line":5,"column":31}},"4":{"start":{"line":18,"column":0},"end":{"line":125,"column":3}},"5":{"start":{"line":19,"column":2},"end":{"line":124,"column":3}},"6":{"start":{"line":20,"column":25},"end":{"line":20,"column":34}},"7":{"start":{"line":22,"column":4},"end":{"line":27,"column":5}},"8":{"start":{"line":23,"column":6},"end":{"line":26,"column":9}},"9":{"start":{"line":30,"column":22},"end":{"line":30,"column":56}},"10":{"start":{"line":31,"column":20},"end":{"line":31,"column":39}},"11":{"start":{"line":32,"column":4},"end":{"line":32,"column":43}},"12":{"start":{"line":34,"column":23},"end":{"line":34,"column":104}},"13":{"start":{"line":35,"column":21},"end":{"line":35,"column":98}},"14":{"start":{"line":37,"column":21},"end":{"line":37,"column":40}},"15":{"start":{"line":38,"column":19},"end":{"line":38,"column":36}},"16":{"start":{"line":41,"column":16},"end":{"line":43,"column":18}},"17":{"start":{"line":46,"column":4},"end":{"line":54,"column":5}},"18":{"start":{"line":47,"column":6},"end":{"line":50,"column":28}},"19":{"start":{"line":53,"column":6},"end":{"line":53,"column":118}},"20":{"start":{"line":56,"column":39},"end":{"line":56,"column":78}},"21":{"start":{"line":58,"column":4},"end":{"line":64,"column":5}},"22":{"start":{"line":59,"column":6},"end":{"line":59,"column":46}},"23":{"start":{"line":60,"column":6},"end":{"line":63,"column":9}},"24":{"start":{"line":68,"column":19},"end":{"line":68,"column":21}},"25":{"start":{"line":69,"column":4},"end":{"line":97,"column":7}},"26":{"start":{"line":70,"column":22},"end":{"line":70,"column":82}},"27":{"start":{"line":72,"column":6},"end":{"line":79,"column":7}},"28":{"start":{"line":73,"column":25},"end":{"line":73,"column":104}},"29":{"start":{"line":74,"column":8},"end":{"line":78,"column":10}},"30":{"start":{"line":82,"column":26},"end":{"line":91,"column":7}},"31":{"start":{"line":93,"column":25},"end":{"line":93,"column":56}},"32":{"start":{"line":94,"column":6},"end":{"line":96,"column":7}},"33":{"start":{"line":95,"column":8},"end":{"line":95,"column":77}},"34":{"start":{"line":100,"column":20},"end":{"line":100,"column":22}},"35":{"start":{"line":101,"column":4},"end":{"line":111,"column":5}},"36":{"start":{"line":101,"column":17},"end":{"line":101,"column":18}},"37":{"start":{"line":102,"column":26},"end":{"line":102,"column":45}},"38":{"start":{"line":103,"column":6},"end":{"line":103,"column":51}},"39":{"start":{"line":104,"column":22},"end":{"line":104,"column":61}},"40":{"start":{"line":106,"column":6},"end":{"line":110,"column":9}},"41":{"start":{"line":113,"column":4},"end":{"line":116,"column":7}},"42":{"start":{"line":119,"column":4},"end":{"line":119,"column":54}},"43":{"start":{"line":120,"column":4},"end":{"line":123,"column":7}},"44":{"start":{"line":132,"column":0},"end":{"line":171,"column":3}},"45":{"start":{"line":133,"column":2},"end":{"line":170,"column":3}},"46":{"start":{"line":134,"column":21},"end":{"line":134,"column":31}},"47":{"start":{"line":137,"column":4},"end":{"line":142,"column":5}},"48":{"start":{"line":138,"column":6},"end":{"line":141,"column":9}},"49":{"start":{"line":145,"column":39},"end":{"line":149,"column":48}},"50":{"start":{"line":151,"column":4},"end":{"line":157,"column":5}},"51":{"start":{"line":152,"column":6},"end":{"line":152,"column":46}},"52":{"start":{"line":153,"column":6},"end":{"line":156,"column":9}},"53":{"start":{"line":159,"column":4},"end":{"line":162,"column":7}},"54":{"start":{"line":165,"column":4},"end":{"line":165,"column":54}},"55":{"start":{"line":166,"column":4},"end":{"line":169,"column":7}},"56":{"start":{"line":186,"column":0},"end":{"line":316,"column":3}},"57":{"start":{"line":187,"column":2},"end":{"line":315,"column":3}},"58":{"start":{"line":188,"column":47},"end":{"line":188,"column":55}},"59":{"start":{"line":191,"column":4},"end":{"line":196,"column":5}},"60":{"start":{"line":192,"column":6},"end":{"line":195,"column":9}},"61":{"start":{"line":199,"column":4},"end":{"line":204,"column":5}},"62":{"start":{"line":200,"column":6},"end":{"line":203,"column":9}},"63":{"start":{"line":207,"column":27},"end":{"line":216,"column":5}},"64":{"start":{"line":218,"column":4},"end":{"line":223,"column":5}},"65":{"start":{"line":219,"column":6},"end":{"line":222,"column":9}},"66":{"start":{"line":226,"column":50},"end":{"line":232,"column":15}},"67":{"start":{"line":234,"column":4},"end":{"line":240,"column":5}},"68":{"start":{"line":235,"column":6},"end":{"line":235,"column":51}},"69":{"start":{"line":236,"column":6},"end":{"line":239,"column":9}},"70":{"start":{"line":244,"column":4},"end":{"line":289,"column":5}},"71":{"start":{"line":246,"column":22},"end":{"line":249,"column":7}},"72":{"start":{"line":251,"column":30},"end":{"line":256,"column":17}},"73":{"start":{"line":258,"column":6},"end":{"line":264,"column":7}},"74":{"start":{"line":259,"column":8},"end":{"line":259,"column":48}},"75":{"start":{"line":260,"column":8},"end":{"line":263,"column":11}},"76":{"start":{"line":266,"column":6},"end":{"line":266,"column":20}},"77":{"start":{"line":269,"column":30},"end":{"line":278,"column":17}},"78":{"start":{"line":280,"column":6},"end":{"line":286,"column":7}},"79":{"start":{"line":281,"column":8},"end":{"line":281,"column":48}},"80":{"start":{"line":282,"column":8},"end":{"line":285,"column":11}},"81":{"start":{"line":288,"column":6},"end":{"line":288,"column":20}},"82":{"start":{"line":292,"column":56},"end":{"line":298,"column":15}},"83":{"start":{"line":300,"column":4},"end":{"line":302,"column":5}},"84":{"start":{"line":301,"column":6},"end":{"line":301,"column":70}},"85":{"start":{"line":304,"column":4},"end":{"line":307,"column":7}},"86":{"start":{"line":310,"column":4},"end":{"line":310,"column":51}},"87":{"start":{"line":311,"column":4},"end":{"line":314,"column":7}},"88":{"start":{"line":323,"column":0},"end":{"line":352,"column":3}},"89":{"start":{"line":324,"column":2},"end":{"line":351,"column":3}},"90":{"start":{"line":325,"column":19},"end":{"line":325,"column":29}},"91":{"start":{"line":327,"column":22},"end":{"line":330,"column":19}},"92":{"start":{"line":332,"column":4},"end":{"line":338,"column":5}},"93":{"start":{"line":333,"column":6},"end":{"line":333,"column":46}},"94":{"start":{"line":334,"column":6},"end":{"line":337,"column":9}},"95":{"start":{"line":340,"column":4},"end":{"line":343,"column":7}},"96":{"start":{"line":346,"column":4},"end":{"line":346,"column":53}},"97":{"start":{"line":347,"column":4},"end":{"line":350,"column":7}},"98":{"start":{"line":365,"column":0},"end":{"line":404,"column":3}},"99":{"start":{"line":366,"column":2},"end":{"line":403,"column":3}},"100":{"start":{"line":367,"column":34},"end":{"line":367,"column":42}},"101":{"start":{"line":369,"column":4},"end":{"line":374,"column":5}},"102":{"start":{"line":370,"column":6},"end":{"line":373,"column":9}},"103":{"start":{"line":376,"column":28},"end":{"line":382,"column":15}},"104":{"start":{"line":384,"column":4},"end":{"line":390,"column":5}},"105":{"start":{"line":385,"column":6},"end":{"line":385,"column":46}},"106":{"start":{"line":386,"column":6},"end":{"line":389,"column":9}},"107":{"start":{"line":392,"column":4},"end":{"line":395,"column":7}},"108":{"start":{"line":398,"column":4},"end":{"line":398,"column":49}},"109":{"start":{"line":399,"column":4},"end":{"line":402,"column":7}},"110":{"start":{"line":411,"column":0},"end":{"line":456,"column":3}},"111":{"start":{"line":412,"column":2},"end":{"line":455,"column":3}},"112":{"start":{"line":413,"column":22},"end":{"line":413,"column":32}},"113":{"start":{"line":416,"column":4},"end":{"line":421,"column":5}},"114":{"start":{"line":417,"column":6},"end":{"line":420,"column":9}},"115":{"start":{"line":424,"column":38},"end":{"line":428,"column":15}},"116":{"start":{"line":430,"column":4},"end":{"line":436,"column":5}},"117":{"start":{"line":431,"column":6},"end":{"line":431,"column":46}},"118":{"start":{"line":432,"column":6},"end":{"line":435,"column":9}},"119":{"start":{"line":438,"column":4},"end":{"line":447,"column":7}},"120":{"start":{"line":450,"column":4},"end":{"line":450,"column":53}},"121":{"start":{"line":451,"column":4},"end":{"line":454,"column":7}},"122":{"start":{"line":468,"column":0},"end":{"line":555,"column":3}},"123":{"start":{"line":469,"column":2},"end":{"line":554,"column":3}},"124":{"start":{"line":470,"column":27},"end":{"line":470,"column":35}},"125":{"start":{"line":472,"column":4},"end":{"line":477,"column":5}},"126":{"start":{"line":473,"column":6},"end":{"line":476,"column":9}},"127":{"start":{"line":480,"column":22},"end":{"line":480,"column":56}},"128":{"start":{"line":481,"column":20},"end":{"line":481,"column":39}},"129":{"start":{"line":482,"column":4},"end":{"line":482,"column":43}},"130":{"start":{"line":484,"column":23},"end":{"line":484,"column":104}},"131":{"start":{"line":485,"column":21},"end":{"line":485,"column":98}},"132":{"start":{"line":486,"column":21},"end":{"line":486,"column":40}},"133":{"start":{"line":487,"column":19},"end":{"line":487,"column":36}},"134":{"start":{"line":490,"column":16},"end":{"line":492,"column":18}},"135":{"start":{"line":494,"column":4},"end":{"line":498,"column":5}},"136":{"start":{"line":495,"column":6},"end":{"line":495,"column":84}},"137":{"start":{"line":497,"column":6},"end":{"line":497,"column":118}},"138":{"start":{"line":500,"column":39},"end":{"line":500,"column":78}},"139":{"start":{"line":502,"column":4},"end":{"line":508,"column":5}},"140":{"start":{"line":503,"column":6},"end":{"line":503,"column":46}},"141":{"start":{"line":504,"column":6},"end":{"line":507,"column":9}},"142":{"start":{"line":511,"column":25},"end":{"line":511,"column":27}},"143":{"start":{"line":512,"column":4},"end":{"line":531,"column":7}},"144":{"start":{"line":513,"column":6},"end":{"line":530,"column":7}},"145":{"start":{"line":514,"column":8},"end":{"line":519,"column":9}},"146":{"start":{"line":515,"column":10},"end":{"line":518,"column":12}},"147":{"start":{"line":521,"column":24},"end":{"line":521,"column":84}},"148":{"start":{"line":522,"column":24},"end":{"line":522,"column":55}},"149":{"start":{"line":523,"column":24},"end":{"line":523,"column":80}},"150":{"start":{"line":525,"column":8},"end":{"line":529,"column":11}},"151":{"start":{"line":528,"column":80},"end":{"line":528,"column":95}},"152":{"start":{"line":535,"column":23},"end":{"line":535,"column":55}},"153":{"start":{"line":536,"column":29},"end":{"line":536,"column":45}},"154":{"start":{"line":538,"column":4},"end":{"line":538,"column":68}},"155":{"start":{"line":539,"column":4},"end":{"line":539,"column":73}},"156":{"start":{"line":541,"column":4},"end":{"line":546,"column":7}},"157":{"start":{"line":549,"column":4},"end":{"line":549,"column":53}},"158":{"start":{"line":550,"column":4},"end":{"line":553,"column":7}},"159":{"start":{"line":557,"column":0},"end":{"line":557,"column":24}}},"fnMap":{"0":{"name":"(anonymous_0)","decl":{"start":{"line":18,"column":16},"end":{"line":18,"column":17}},"loc":{"start":{"line":18,"column":36},"end":{"line":125,"column":1}},"line":18},"1":{"name":"(anonymous_1)","decl":{"start":{"line":69,"column":22},"end":{"line":69,"column":23}},"loc":{"start":{"line":69,"column":34},"end":{"line":97,"column":5}},"line":69},"2":{"name":"(anonymous_2)","decl":{"start":{"line":132,"column":45},"end":{"line":132,"column":46}},"loc":{"start":{"line":132,"column":65},"end":{"line":171,"column":1}},"line":132},"3":{"name":"(anonymous_3)","decl":{"start":{"line":186,"column":36},"end":{"line":186,"column":37}},"loc":{"start":{"line":186,"column":56},"end":{"line":316,"column":1}},"line":186},"4":{"name":"(anonymous_4)","decl":{"start":{"line":323,"column":41},"end":{"line":323,"column":42}},"loc":{"start":{"line":323,"column":61},"end":{"line":352,"column":1}},"line":323},"5":{"name":"(anonymous_5)","decl":{"start":{"line":365,"column":42},"end":{"line":365,"column":43}},"loc":{"start":{"line":365,"column":62},"end":{"line":404,"column":1}},"line":365},"6":{"name":"(anonymous_6)","decl":{"start":{"line":411,"column":50},"end":{"line":411,"column":51}},"loc":{"start":{"line":411,"column":70},"end":{"line":456,"column":1}},"line":411},"7":{"name":"(anonymous_7)","decl":{"start":{"line":468,"column":48},"end":{"line":468,"column":49}},"loc":{"start":{"line":468,"column":68},"end":{"line":555,"column":1}},"line":468},"8":{"name":"(anonymous_8)","decl":{"start":{"line":512,"column":22},"end":{"line":512,"column":23}},"loc":{"start":{"line":512,"column":34},"end":{"line":531,"column":5}},"line":512},"9":{"name":"(anonymous_9)","decl":{"start":{"line":528,"column":75},"end":{"line":528,"column":76}},"loc":{"start":{"line":528,"column":80},"end":{"line":528,"column":95}},"line":528}},"branchMap":{"0":{"loc":{"start":{"line":22,"column":4},"end":{"line":27,"column":5}},"type":"if","locations":[{"start":{"line":22,"column":4},"end":{"line":27,"column":5}},{"start":{},"end":{}}],"line":22},"1":{"loc":{"start":{"line":46,"column":4},"end":{"line":54,"column":5}},"type":"if","locations":[{"start":{"line":46,"column":4},"end":{"line":54,"column":5}},{"start":{"line":51,"column":11},"end":{"line":54,"column":5}}],"line":46},"2":{"loc":{"start":{"line":58,"column":4},"end":{"line":64,"column":5}},"type":"if","locations":[{"start":{"line":58,"column":4},"end":{"line":64,"column":5}},{"start":{},"end":{}}],"line":58},"3":{"loc":{"start":{"line":72,"column":6},"end":{"line":79,"column":7}},"type":"if","locations":[{"start":{"line":72,"column":6},"end":{"line":79,"column":7}},{"start":{},"end":{}}],"line":72},"4":{"loc":{"start":{"line":94,"column":6},"end":{"line":96,"column":7}},"type":"if","locations":[{"start":{"line":94,"column":6},"end":{"line":96,"column":7}},{"start":{},"end":{}}],"line":94},"5":{"loc":{"start":{"line":95,"column":50},"end":{"line":95,"column":76}},"type":"binary-expr","locations":[{"start":{"line":95,"column":50},"end":{"line":95,"column":68}},{"start":{"line":95,"column":72},"end":{"line":95,"column":76}}],"line":95},"6":{"loc":{"start":{"line":106,"column":19},"end":{"line":110,"column":7}},"type":"binary-expr","locations":[{"start":{"line":106,"column":19},"end":{"line":106,"column":34}},{"start":{"line":106,"column":38},"end":{"line":110,"column":7}}],"line":106},"7":{"loc":{"start":{"line":137,"column":4},"end":{"line":142,"column":5}},"type":"if","locations":[{"start":{"line":137,"column":4},"end":{"line":142,"column":5}},{"start":{},"end":{}}],"line":137},"8":{"loc":{"start":{"line":151,"column":4},"end":{"line":157,"column":5}},"type":"if","locations":[{"start":{"line":151,"column":4},"end":{"line":157,"column":5}},{"start":{},"end":{}}],"line":151},"9":{"loc":{"start":{"line":161,"column":17},"end":{"line":161,"column":32}},"type":"binary-expr","locations":[{"start":{"line":161,"column":17},"end":{"line":161,"column":26}},{"start":{"line":161,"column":30},"end":{"line":161,"column":32}}],"line":161},"10":{"loc":{"start":{"line":191,"column":4},"end":{"line":196,"column":5}},"type":"if","locations":[{"start":{"line":191,"column":4},"end":{"line":196,"column":5}},{"start":{},"end":{}}],"line":191},"11":{"loc":{"start":{"line":191,"column":8},"end":{"line":191,"column":36}},"type":"binary-expr","locations":[{"start":{"line":191,"column":8},"end":{"line":191,"column":14}},{"start":{"line":191,"column":18},"end":{"line":191,"column":22}},{"start":{"line":191,"column":26},"end":{"line":191,"column":36}}],"line":191},"12":{"loc":{"start":{"line":199,"column":4},"end":{"line":204,"column":5}},"type":"if","locations":[{"start":{"line":199,"column":4},"end":{"line":204,"column":5}},{"start":{},"end":{}}],"line":199},"13":{"loc":{"start":{"line":199,"column":8},"end":{"line":199,"column":27}},"type":"binary-expr","locations":[{"start":{"line":199,"column":8},"end":{"line":199,"column":15}},{"start":{"line":199,"column":19},"end":{"line":199,"column":27}}],"line":199},"14":{"loc":{"start":{"line":218,"column":4},"end":{"line":223,"column":5}},"type":"if","locations":[{"start":{"line":218,"column":4},"end":{"line":223,"column":5}},{"start":{},"end":{}}],"line":218},"15":{"loc":{"start":{"line":234,"column":4},"end":{"line":240,"column":5}},"type":"if","locations":[{"start":{"line":234,"column":4},"end":{"line":240,"column":5}},{"start":{},"end":{}}],"line":234},"16":{"loc":{"start":{"line":234,"column":8},"end":{"line":234,"column":52}},"type":"binary-expr","locations":[{"start":{"line":234,"column":8},"end":{"line":234,"column":18}},{"start":{"line":234,"column":22},"end":{"line":234,"column":52}}],"line":234},"17":{"loc":{"start":{"line":244,"column":4},"end":{"line":289,"column":5}},"type":"if","locations":[{"start":{"line":244,"column":4},"end":{"line":289,"column":5}},{"start":{"line":267,"column":11},"end":{"line":289,"column":5}}],"line":244},"18":{"loc":{"start":{"line":247,"column":26},"end":{"line":247,"column":41}},"type":"binary-expr","locations":[{"start":{"line":247,"column":26},"end":{"line":247,"column":33}},{"start":{"line":247,"column":37},"end":{"line":247,"column":41}}],"line":247},"19":{"loc":{"start":{"line":258,"column":6},"end":{"line":264,"column":7}},"type":"if","locations":[{"start":{"line":258,"column":6},"end":{"line":264,"column":7}},{"start":{},"end":{}}],"line":258},"20":{"loc":{"start":{"line":275,"column":28},"end":{"line":275,"column":43}},"type":"binary-expr","locations":[{"start":{"line":275,"column":28},"end":{"line":275,"column":35}},{"start":{"line":275,"column":39},"end":{"line":275,"column":43}}],"line":275},"21":{"loc":{"start":{"line":280,"column":6},"end":{"line":286,"column":7}},"type":"if","locations":[{"start":{"line":280,"column":6},"end":{"line":286,"column":7}},{"start":{},"end":{}}],"line":280},"22":{"loc":{"start":{"line":300,"column":4},"end":{"line":302,"column":5}},"type":"if","locations":[{"start":{"line":300,"column":4},"end":{"line":302,"column":5}},{"start":{},"end":{}}],"line":300},"23":{"loc":{"start":{"line":305,"column":15},"end":{"line":305,"column":91}},"type":"cond-expr","locations":[{"start":{"line":305,"column":26},"end":{"line":305,"column":57}},{"start":{"line":305,"column":60},"end":{"line":305,"column":91}}],"line":305},"24":{"loc":{"start":{"line":306,"column":16},"end":{"line":306,"column":38}},"type":"binary-expr","locations":[{"start":{"line":306,"column":16},"end":{"line":306,"column":28}},{"start":{"line":306,"column":32},"end":{"line":306,"column":38}}],"line":306},"25":{"loc":{"start":{"line":332,"column":4},"end":{"line":338,"column":5}},"type":"if","locations":[{"start":{"line":332,"column":4},"end":{"line":338,"column":5}},{"start":{},"end":{}}],"line":332},"26":{"loc":{"start":{"line":369,"column":4},"end":{"line":374,"column":5}},"type":"if","locations":[{"start":{"line":369,"column":4},"end":{"line":374,"column":5}},{"start":{},"end":{}}],"line":369},"27":{"loc":{"start":{"line":369,"column":8},"end":{"line":369,"column":29}},"type":"binary-expr","locations":[{"start":{"line":369,"column":8},"end":{"line":369,"column":13}},{"start":{"line":369,"column":17},"end":{"line":369,"column":29}}],"line":369},"28":{"loc":{"start":{"line":384,"column":4},"end":{"line":390,"column":5}},"type":"if","locations":[{"start":{"line":384,"column":4},"end":{"line":390,"column":5}},{"start":{},"end":{}}],"line":384},"29":{"loc":{"start":{"line":416,"column":4},"end":{"line":421,"column":5}},"type":"if","locations":[{"start":{"line":416,"column":4},"end":{"line":421,"column":5}},{"start":{},"end":{}}],"line":416},"30":{"loc":{"start":{"line":430,"column":4},"end":{"line":436,"column":5}},"type":"if","locations":[{"start":{"line":430,"column":4},"end":{"line":436,"column":5}},{"start":{},"end":{}}],"line":430},"31":{"loc":{"start":{"line":430,"column":8},"end":{"line":430,"column":42}},"type":"binary-expr","locations":[{"start":{"line":430,"column":8},"end":{"line":430,"column":13}},{"start":{"line":430,"column":17},"end":{"line":430,"column":42}}],"line":430},"32":{"loc":{"start":{"line":440,"column":16},"end":{"line":446,"column":7}},"type":"binary-expr","locations":[{"start":{"line":440,"column":16},"end":{"line":440,"column":24}},{"start":{"line":440,"column":28},"end":{"line":446,"column":7}}],"line":440},"33":{"loc":{"start":{"line":472,"column":4},"end":{"line":477,"column":5}},"type":"if","locations":[{"start":{"line":472,"column":4},"end":{"line":477,"column":5}},{"start":{},"end":{}}],"line":472},"34":{"loc":{"start":{"line":494,"column":4},"end":{"line":498,"column":5}},"type":"if","locations":[{"start":{"line":494,"column":4},"end":{"line":498,"column":5}},{"start":{"line":496,"column":11},"end":{"line":498,"column":5}}],"line":494},"35":{"loc":{"start":{"line":502,"column":4},"end":{"line":508,"column":5}},"type":"if","locations":[{"start":{"line":502,"column":4},"end":{"line":508,"column":5}},{"start":{},"end":{}}],"line":502},"36":{"loc":{"start":{"line":513,"column":6},"end":{"line":530,"column":7}},"type":"if","locations":[{"start":{"line":513,"column":6},"end":{"line":530,"column":7}},{"start":{},"end":{}}],"line":513},"37":{"loc":{"start":{"line":513,"column":10},"end":{"line":513,"column":46}},"type":"binary-expr","locations":[{"start":{"line":513,"column":10},"end":{"line":513,"column":24}},{"start":{"line":513,"column":28},"end":{"line":513,"column":46}}],"line":513},"38":{"loc":{"start":{"line":514,"column":8},"end":{"line":519,"column":9}},"type":"if","locations":[{"start":{"line":514,"column":8},"end":{"line":519,"column":9}},{"start":{},"end":{}}],"line":514}},"s":{"0":0,"1":0,"2":0,"3":0,"4":0,"5":0,"6":0,"7":0,"8":0,"9":0,"10":0,"11":0,"12":0,"13":0,"14":0,"15":0,"16":0,"17":0,"18":0,"19":0,"20":0,"21":0,"22":0,"23":0,"24":0,"25":0,"26":0,"27":0,"28":0,"29":0,"30":0,"31":0,"32":0,"33":0,"34":0,"35":0,"36":0,"37":0,"38":0,"39":0,"40":0,"41":0,"42":0,"43":0,"44":0,"45":0,"46":0,"47":0,"48":0,"49":0,"50":0,"51":0,"52":0,"53":0,"54":0,"55":0,"56":0,"57":0,"58":0,"59":0,"60":0,"61":0,"62":0,"63":0,"64":0,"65":0,"66":0,"67":0,"68":0,"69":0,"70":0,"71":0,"72":0,"73":0,"74":0,"75":0,"76":0,"77":0,"78":0,"79":0,"80":0,"81":0,"82":0,"83":0,"84":0,"85":0,"86":0,"87":0,"88":0,"89":0,"90":0,"91":0,"92":0,"93":0,"94":0,"95":0,"96":0,"97":0,"98":0,"99":0,"100":0,"101":0,"102":0,"103":0,"104":0,"105":0,"106":0,"107":0,"108":0,"109":0,"110":0,"111":0,"112":0,"113":0,"114":0,"115":0,"116":0,"117":0,"118":0,"119":0,"120":0,"121":0,"122":0,"123":0,"124":0,"125":0,"126":0,"127":0,"128":0,"129":0,"130":0,"131":0,"132":0,"133":0,"134":0,"135":0,"136":0,"137":0,"138":0,"139":0,"140":0,"141":0,"142":0,"143":0,"144":0,"145":0,"146":0,"147":0,"148":0,"149":0,"150":0,"151":0,"152":0,"153":0,"154":0,"155":0,"156":0,"157":0,"158":0,"159":0},"f":{"0":0,"1":0,"2":0,"3":0,"4":0,"5":0,"6":0,"7":0,"8":0,"9":0},"b":{"0":[0,0],"1":[0,0],"2":[0,0],"3":[0,0],"4":[0,0],"5":[0,0],"6":[0,0],"7":[0,0],"8":[0,0],"9":[0,0],"10":[0,0],"11":[0,0,0],
[...]
line":33,"column":39}},"6":{"start":{"line":34,"column":21},"end":{"line":34,"column":54}},"7":{"start":{"line":35,"column":2},"end":{"line":35,"column":16}},"8":{"start":{"line":42,"column":23},"end":{"line":42,"column":39}},"9":{"start":{"line":43,"column":2},"end":{"line":43,"column":38}},"10":{"start":{"line":44,"column":2},"end":{"line":44,"column":64}},"11":{"start":{"line":51,"column":19},"end":{"line":51,"column":44}},"12":{"start":{"line":53,"column":16},"end":{"line":71,"column":3}},"13":{"start":{"line":74,"column":2},"end":{"line":76,"column":3}},"14":{"start":{"line":75,"column":4},"end":{"line":75,"column":75}},"15":{"start":{"line":75,"column":56},"end":{"line":75,"column":72}},"16":{"start":{"line":78,"column":19},"end":{"line":82,"column":4}},"17":{"start":{"line":84,"column":2},"end":{"line":84,"column":23}},"18":{"start":{"line":91,"column":19},"end":{"line":91,"column":44}},"19":{"start":{"line":93,"column":16},"end":{"line":104,"column":3}},"20":{"start":{"line":106,"column":19},"end":{"line":110,"column":4}},"21":{"start":{"line":112,"column":2},"end":{"line":112,"column":23}},"22":{"start":{"line":119,"column":19},"end":{"line":119,"column":44}},"23":{"start":{"line":121,"column":2},"end":{"line":124,"column":5}},"24":{"start":{"line":126,"column":2},"end":{"line":126,"column":14}},"25":{"start":{"line":133,"column":23},"end":{"line":133,"column":39}},"26":{"start":{"line":134,"column":2},"end":{"line":136,"column":5}},"27":{"start":{"line":138,"column":26},"end":{"line":138,"column":65}},"28":{"start":{"line":139,"column":2},"end":{"line":139,"column":21}},"29":{"start":{"line":142,"column":0},"end":{"line":149,"column":2}}},"fnMap":{"0":{"name":"getOAuthClient","decl":{"start":{"line":7,"column":9},"end":{"line":7,"column":23}},"loc":{"start":{"line":7,"column":26},"end":{"line":13,"column":1}},"line":7},"1":{"name":"getAuthUrl","decl":{"start":{"line":18,"column":9},"end":{"line":18,"column":19}},"loc":{"start":{"line":18,"column":28},"end":{"line":27,"column":1}},"line":18},"2":{"name":"getTokensFromCode","decl":{"start":{"line":32,"column":15},"end":{"line":32,"column":32}},"loc":{"start":{"line":32,"column":39},"end":{"line":36,"column":1}},"line":32},"3":{"name":"getCalendarClient","decl":{"start":{"line":41,"column":9},"end":{"line":41,"column":26}},"loc":{"start":{"line":41,"column":35},"end":{"line":45,"column":1}},"line":41},"4":{"name":"createCalendarEvent","decl":{"start":{"line":50,"column":15},"end":{"line":50,"column":34}},"loc":{"start":{"line":50,"column":54},"end":{"line":85,"column":1}},"line":50},"5":{"name":"(anonymous_5)","decl":{"start":{"line":75,"column":46},"end":{"line":75,"column":47}},"loc":{"start":{"line":75,"column":56},"end":{"line":75,"column":72}},"line":75},"6":{"name":"updateCalendarEvent","decl":{"start":{"line":90,"column":15},"end":{"line":90,"column":34}},"loc":{"start":{"line":90,"column":63},"end":{"line":113,"column":1}},"line":90},"7":{"name":"deleteCalendarEvent","decl":{"start":{"line":118,"column":15},"end":{"line":118,"column":34}},"loc":{"start":{"line":118,"column":52},"end":{"line":127,"column":1}},"line":118},"8":{"name":"refreshAccessToken","decl":{"start":{"line":132,"column":15},"end":{"line":132,"column":33}},"loc":{"start":{"line":132,"column":48},"end":{"line":140,"column":1}},"line":132}},"branchMap":{"0":{"loc":{"start":{"line":55,"column":17},"end":{"line":55,"column":44}},"type":"binary-expr","locations":[{"start":{"line":55,"column":17},"end":{"line":55,"column":38}},{"start":{"line":55,"column":42},"end":{"line":55,"column":44}}],"line":55},"1":{"loc":{"start":{"line":58,"column":16},"end":{"line":58,"column":56}},"type":"binary-expr","locations":[{"start":{"line":58,"column":16},"end":{"line":58,"column":34}},{"start":{"line":58,"column":38},"end":{"line":58,"column":56}}],"line":58},"2":{"loc":{"start":{"line":62,"column":16},"end":{"line":62,"column":56}},"type":"binary-expr","locations":[{"start":{"line":62,"column":16},"end":{"line":62,"column":34}},{"start":{"line":62,"column":38},"end":{"line":62,"column":56}}],"line":62},"3":{"loc":{"start":{"line":74,"column":2},"end":{"line":76,"column":3}},"type":"if","locations":[{"start":{"line":74,"column":2},"end":{"line":76,"column":3}},{"start":{},"end":{}}],"line":74},"4":{"loc":{"start":{"line":74,"column":6},"end":{"line":74,"column":59}},"type":"binary-expr","locations":[{"start":{"line":74,"column":6},"end":{"line":74,"column":25}},{"start":{"line":74,"column":29},"end":{"line":74,"column":59}}],"line":74},"5":{"loc":{"start":{"line":95,"column":17},"end":{"line":95,"column":44}},"type":"binary-expr","locations":[{"start":{"line":95,"column":17},"end":{"line":95,"column":38}},{"start":{"line":95,"column":42},"end":{"line":95,"column":44}}],"line":95},"6":{"loc":{"start":{"line":98,"column":16},"end":{"line":98,"column":56}},"type":"binary-expr","locations":[{"start":{"line":98,"column":16},"end":{"line":98,"column":34}},{"start":{"line":98,"column":38},"end":{"line":98,"column":56}}],"line":98},"7":{"loc":{"start":{"line":102,"column":16},"end":{"line":102,"column":56}},"type":"binary-expr","locations":[{"start":{"line":102,"column":16},"end":{"line":102,"column":34}},{"start":{"line":102,"column":38},"end":{"line":102,"column":56}}],"line":102}},"s":{"0":0,"1":0,"2":0,"3":0,"4":0,"5":0,"6":0,"7":0,"8":0,"9":0,"10":0,"11":0,"12":0,"13":0,"14":0,"15":0,"16":0,"17":0,"18":0,"19":0,"20":0,"21":0,"22":0,"23":0,"24":0,"25":0,"26":0,"27":0,"28":0,"29":0},"f":{"0":0,"1":0,"2":0,"3":0,"4":0,"5":0,"6":0,"7":0,"8":0},"b":{"0":[0,0],"1":[0,0],"2":[0,0],"3":[0,0],"4":[0,0],"5":[0,0],"6":[0,0],"7":[0,0]}}
,"/Users/zanirhabib/dev/mandli/backend/src/services/matching.js": {"path":"/Users/zanirhabib/dev/mandli/backend/src/services/matching.js","statementMap":{"0":{"start":{"line":1,"column":26},"end":{"line":1,"column":55}},"1":{"start":{"line":16,"column":20},"end":{"line":25,"column":1}},"2":{"start":{"line":31,"column":2},"end":{"line":31,"column":44}},"3":{"start":{"line":38,"column":2},"end":{"line":38,"column":82}},"4":{"start":{"line":46,"column":2},"end":{"line":46,"column":43}},"5":{"start":{"line":46,"column":31},"end":{"line":46,"column":43}},"6":{"start":{"line":49,"column":17},"end":{"line":53,"column":4}},"7":{"start":{"line":50,"column":19},"end":{"line":50,"column":51}},"8":{"start":{"line":51,"column":19},"end":{"line":51,"column":51}},"9":{"start":{"line":52,"column":4},"end":{"line":52,"column":27}},"10":{"start":{"line":55,"column":2},"end":{"line":55,"column":19}},"11":{"start":{"line":65,"column":2},"end":{"line":210,"column":3}},"12":{"start":{"line":67,"column":29},"end":{"line":67,"column":57}},"13":{"start":{"line":68,"column":24},"end":{"line":68,"column":54}},"14":{"start":{"line":70,"column":4},"end":{"line":70,"column":74}},"15":{"start":{"line":73,"column":54},"end":{"line":85,"column":25}},"16":{"start":{"line":87,"column":4},"end":{"line":89,"column":5}},"17":{"start":{"line":88,"column":6},"end":{"line":88,"column":77}},"18":{"start":{"line":91,"column":4},"end":{"line":93,"column":5}},"19":{"start":{"line":92,"column":6},"end":{"line":92,"column":67}},"20":{"start":{"line":95,"column":4},"end":{"line":95,"column":71}},"21":{"start":{"line":98,"column":24},"end":{"line":105,"column":9}},"22":{"start":{"line":99,"column":19},"end":{"line":99,"column":47}},"23":{"start":{"line":100,"column":17},"end":{"line":105,"column":7}},"24":{"start":{"line":107,"column":4},"end":{"line":107,"column":55}},"25":{"start":{"line":110,"column":26},"end":{"line":110,"column":28}},"26":{"start":{"line":111,"column":27},"end":{"line":111,"column":29}},"27":{"start":{"line":113,"column":4},"end":{"line":119,"column":7}},"28":{"start":{"line":114,"column":6},"end":{"line":118,"column":7}},"29":{"start":{"line":115,"column":8},"end":{"line":115,"column":43}},"30":{"start":{"line":116,"column":13},"end":{"line":118,"column":7}},"31":{"start":{"line":117,"column":8},"end":{"line":117,"column":44}},"32":{"start":{"line":121,"column":4},"end":{"line":121,"column":110}},"33":{"start":{"line":124,"column":29},"end":{"line":124,"column":31}},"34":{"start":{"line":125,"column":4},"end":{"line":127,"column":7}},"35":{"start":{"line":126,"column":6},"end":{"line":126,"column":41}},"36":{"start":{"line":130,"column":24},"end":{"line":130,"column":26}},"37":{"start":{"line":131,"column":18},"end":{"line":138,"column":5}},"38":{"start":{"line":141,"column":4},"end":{"line":182,"column":5}},"39":{"start":{"line":141,"column":19},"end":{"line":141,"column":20}},"40":{"start":{"line":142,"column":22},"end":{"line":142,"column":100}},"41":{"start":{"line":145,"column":28},"end":{"line":145,"column":37}},"42":{"start":{"line":148,"column":6},"end":{"line":181,"column":7}},"43":{"start":{"line":149,"column":21},"end":{"line":149,"column":77}},"44":{"start":{"line":152,"column":27},"end":{"line":154,"column":9}},"45":{"start":{"line":153,"column":10},"end":{"line":153,"column":72}},"46":{"start":{"line":157,"column":25},"end":{"line":157,"column":74}},"47":{"start":{"line":159,"column":8},"end":{"line":180,"column":9}},"48":{"start":{"line":160,"column":10},"end":{"line":164,"column":13}},"49":{"start":{"line":167,"column":10},"end":{"line":167,"column":46}},"50":{"start":{"line":168,"column":10},"end":{"line":168,"column":47}},"51":{"start":{"line":169,"column":10},"end":{"line":169,"column":30}},"52":{"start":{"line":171,"column":10},"end":{"line":175,"column":11}},"53":{"start":{"line":172,"column":12},"end":{"line":172,"column":31}},"54":{"start":{"line":174,"column":12},"end":{"line":174,"column":32}},"55":{"start":{"line":178,"column":10},"end":{"line":178,"column":29}},"56":{"start":{"line":179,"column":10},"end":{"line":179,"column":98}},"57":{"start":{"line":185,"column":4},"end":{"line":193,"column":7}},"58":{"start":{"line":186,"column":6},"end":{"line":192,"column":7}},"59":{"start":{"line":187,"column":21},"end":{"line":187,"column":64}},"60":{"start":{"line":187,"column":43},"end":{"line":187,"column":63}},"61":{"start":{"line":188,"column":8},"end":{"line":191,"column":10}},"62":{"start":{"line":195,"column":4},"end":{"line":195,"column":89}},"63":{"start":{"line":197,"column":4},"end":{"line":202,"column":6}},"64":{"start":{"line":205,"column":4},"end":{"line":205,"column":55}},"65":{"start":{"line":206,"column":4},"end":{"line":209,"column":6}},"66":{"start":{"line":222,"column":2},"end":{"line":274,"column":3}},"67":{"start":{"line":223,"column":4},"end":{"line":223,"column":53}},"68":{"start":{"line":226,"column":35},"end":{"line":229,"column":25}},"69":{"start":{"line":231,"column":4},"end":{"line":233,"column":5}},"70":{"start":{"line":232,"column":6},"end":{"line":232,"column":84}},"71":{"start":{"line":235,"column":4},"end":{"line":235,"column":59}},"72":{"start":{"line":238,"column":35},"end":{"line":247,"column":6}},"73":{"start":{"line":239,"column":39},"end":{"line":239,"column":56}},"74":{"start":{"line":240,"column":19},"end":{"line":240,"column":73}},"75":{"start":{"line":240,"column":41},"end":{"line":240,"column":72}},"76":{"start":{"line":241,"column":6},"end":{"line":246,"column":8}},"77":{"start":{"line":250,"column":4},"end":{"line":260,"column":5}},"78":{"start":{"line":251,"column":43},"end":{"line":253,"column":39}},"79":{"start":{"line":255,"column":6},"end":{"line":257,"column":7}},"80":{"start":{"line":256,"column":8},"end":{"line":256,"column":78}},"81":{"start":{"line":259,"column":6},"end":{"line":259,"column":75}},"82":{"start":{"line":262,"column":4},"end":{"line":266,"column":6}},"83":{"start":{"line":269,"column":4},"end":{"line":269,"column":53}},"84":{"start":{"line":270,"column":4},"end":{"line":273,"column":6}},"85":{"start":{"line":277,"column":0},"end":{"line":280,"column":2}}},"fnMap":{"0":{"name":"getDaysInMonth","decl":{"start":{"line":30,"column":9},"end":{"line":30,"column":23}},"loc":{"start":{"line":30,"column":37},"end":{"line":32,"column":1}},"line":30},"1":{"name":"isUserAvailable","decl":{"start":{"line":37,"column":9},"end":{"line":37,"column":24}},"loc":{"start":{"line":37,"column":44},"end":{"line":39,"column":1}},"line":37},"2":{"name":"selectBestCandidate","decl":{"start":{"line":45,"column":9},"end":{"line":45,"column":28}},"loc":{"start":{"line":45,"column":59},"end":{"line":56,"column":1}},"line":45},"3":{"name":"(anonymous_3)","decl":{"start":{"line":49,"column":33},"end":{"line":49,"column":34}},"loc":{"start":{"line":49,"column":43},"end":{"line":53,"column":3}},"line":49},"4":{"name":"generateMonthlySchedule","decl":{"start":{"line":64,"column":15},"end":{"line":64,"column":38}},"loc":{"start":{"line":64,"column":46},"end":{"line":211,"column":1}},"line":64},"5":{"name":"(anonymous_5)","decl":{"start":{"line":99,"column":14},"end":{"line":99,"column":15}},"loc":{"start":{"line":99,"column":19},"end":{"line":99,"column":47}},"line":99},"6":{"name":"(anonymous_6)","decl":{"start":{"line":100,"column":11},"end":{"line":100,"column":12}},"loc":{"start":{"line":100,"column":17},"end":{"line":105,"column":7}},"line":100},"7":{"name":"(anonymous_7)","decl":{"start":{"line":113,"column":24},"end":{"line":113,"column":25}},"loc":{"start":{"line":113,"column":32},"end":{"line":119,"column":5}},"line":113},"8":{"name":"(anonymous_8)","decl":{"start":{"line":125,"column":24},"end":{"line":125,"column":25}},"loc":{"start":{"line":125,"column":32},"end":{"line":127,"column":5}},"line":125},"9":{"name":"(anonymous_9)","decl":{"start":{"line":152,"column":54},"end":{"line":152,"column":55}},"loc":{"start":{"line":153,"column":10},"end":{"line":153,"column":72}},"line":153},"10":{"name":"(anonymous_10)","decl":{"start":{"line":185,"column":45},"end":{"line":185,"column":46}},"loc":{"start":{"line":185,"column":66},"end":{"line":193,"column":5}},"line":185},"11":{"name":"(anonymous_11)","decl":{"start":{"line":187,"column":38},"end":{"line":187,"column":39}},"loc":{"start":{"line":187,"column":43},"end":{"line":187,"column":63}},"line":187},"12":{"name":"applySchedule","decl":{"start":{"line":221,"column":15},"end":{"line":221,"column":28}},"loc":{"start":{"line":221,"column":49},"end":{"line":275,"column":1}},"line":221},"13":{"name":"(anonymous_13)","decl":{"start":{"line":238,"column":51},"end":{"line":238,"column":52}},"loc":{"start":{"line":238,"column":56},"end":{"line":247,"column":5}},"line":238},"14":{"name":"(anonymous_14)","decl":{"start":{"line":240,"column":36},"end":{"line":240,"column":37}},"loc":{"start":{"line":240,"column":41},"end":{"line":240,"column":72}},"line":240}},"branchMap":{"0":{"loc":{"start":{"line":38,"column":9},"end":{"line":38,"column":81}},"type":"binary-expr","locations":[{"start":{"line":38,"column":9},"end":{"line":38,"column":36}},{"start":{"line":38,"column":40},"end":{"line":38,"column":81}}],"line":38},"1":{"loc":{"start":{"line":46,"column":2},"end":{"line":46,"column":43}},"type":"if","locations":[{"start":{"line":46,"column":2},"end":{"line":46,"column":43}},{"start":{},"end":{}}],"line":46},"2":{"loc":{"start":{"line":50,"column":19},"end":{"line":50,"column":51}},"type":"binary-expr","locations":[{"start":{"line":50,"column":19},"end":{"line":50,"column":46}},{"start":{"line":50,"column":50},"end":{"line":50,"column":51}}],"line":50},"3":{"loc":{"start":{"line":51,"column":19},"end":{"line":51,"column":51}},"type":"binary-expr","locations":[{"start":{"line":51,"column":19},"end":{"line":51,"column":46}},{"start":{"line":51,"column":50},"end":{"line":51,"column":51}}],"line":51},"4":{"loc":{"start":{"line":87,"column":4},"end":{"line":89,"column":5}},"type":"if","locations":[{"start":{"line":87,"column":4},"end":{"line":89,"column":5}},{"start":{},"end":{}}],"line":87},"5":{"loc":{"start":{"line":91,"column":4},"end":{"line":93,"column":5}},"type":"if","locations":[{"start":{"line":91,"column":4},"end":{"line":93,"column":5}},{"start":{},"end":{}}],"line":91},"6":{"loc":{"start":{"line":91,"column":8},"end":{"line":91,"column":50}},"type":"binary-expr","locations":[{"start":{"line":91,"column":8},"end":{"line":91,"column":21}},{"start":{"line":91,"column":25},"end":{"line":91,"column":50}}],"line":91},"7":{"loc":{"start":{"line":99,"column":19},"end":{"line":99,"column":47}},"type":"binary-expr","locations":[{"start":{"line":99,"column":19},"end":{"line":99,"column":26}},{"start":{"line":99,"column":30},"end":{"line":99,"column":47}}],"line":99},"8":{"loc":{"start":{"line":104,"column":24},"end":{"line":104,"column":46}},"type":"binary-expr","locations":[{"start":{"line":104,"column":24},"end":{"line":104,"column":40}},{"start":{"line":104,"column":44},"end":{"line":104,"column":46}}],"line":104},"9":{"loc":{"start":{"line":114,"column":6},"end":{"line":118,"column":7}},"type":"if","locations":[{"start":{"line":114,"column":6},"end":{"line":118,"column":7}},{"start":{"line":116,"column":13},"end":{"line":118,"column":7}}],"line":114},"10":{"loc":{"start":{"line":116,"column":13},"end":{"line":118,"column":7}},"type":"if","locations":[{"start":{"line":116,"column":13},"end":{"line":118,"column":7}},{"start":{},"end":{}}],"line":116},"11":{"loc":{"start":{"line":149,"column":21},"end":{"line":149,"column":77}},"type":"cond-expr","locations":[{"start":{"line":149,"column":47},"end":{"line":149,"column":60}},{"start":{"line":149,"column":63},"end":{"line":149,"column":77}}],"line":149},"12":{"loc":{"start":{"line":153,"column":10},"end":{"line":153,"column":72}},"type":"binary-expr","locations":[{"start":{"line":153,"column":10},"end":{"line":153,"column":36}},{"start":{"line":153,"column":40},"end":{"line":153,"column":72}}],"line":153},"13":{"loc":{"start":{"line":159,"column":8},"end":{"line":180,"column":9}},"type":"if","locations":[{"start":{"line":159,"column":8},"end":{"line":180,"column":9}},{"start":{"line":176,"column":15},"end":{"line":180,"column":9}}],"line":159},"14":{"loc":{"start":{"line":171,"column":10},"end":{"line":175,"column":11}},"type":"if","locations":[{"start":{"line":171,"column":10},"end":{"line":175,"column":11}},{"start":{"line":173,"column":17},"end":{"line":175,"column":11}}],"line":171},"15":{"loc":{"start":{"line":186,"column":6},"end":{"line":192,"column":7}},"type":"if","locations":[{"start":{"line":186,"column":6},"end":{"line":192,"column":7}},{"start":{},"end":{}}],"line":186},"16":{"loc":{"start":{"line":231,"column":4},"end":{"line":233,"column":5}},"type":"if","locations":[{"start":{"line":231,"column":4},"end":{"line":233,"column":5}},{"start":{},"end":{}}],"line":231},"17":{"loc":{"start":{"line":250,"column":4},"end":{"line":260,"column":5}},"type":"if","locations":[{"start":{"line":250,"column":4},"end":{"line":260,"column":5}},{"start":{},"end":{}}],"line":250},"18":{"loc":{"start":{"line":255,"column":6},"end":{"line":257,"column":7}},"type":"if","locations":[{"start":{"line":255,"column":6},"end":{"line":257,"column":7}},{"start":{},"end":{}}],"line":255}},"s":{"0":1,"1":1,"2":3,"3":1440,"4":720,"5":648,"6":72,"7":28,"8":28,"9":28,"10":72,"11":3,"12":3,"13":3,"14":3,"15":3,"16":3,"17":0,"18":3,"19":0,"20":3,"21":3,"22":12,"23":12,"24":3,"25":3,"26":3,"27":3,"28":12,"29":6,"30":6,"31":6,"32":3,"33":3,"34":3,"35":12,"36":3,"37":3,"38":3,"39":3,"40":90,"41":90,"42":90,"43":720,"44":720,"45":1440,"46":720,"47":720,"48":72,"49":72,"50":72,"51":72,"52":72,"53":33,"54":39,"55":648,"56":648,"57":3,"58":12,"59":12,"60":30,"61":12,"62":3,"63":3,"64":0,"65":0,"66":1,"67":1,"68":1,"69":1,"70":0,"71":1,"72":1,"73":28,"74":28,"75":63,"76":28,"77":1,"78":1,"79":1,"80":0,"81":1,"82":1,"83":0,"84":0,"85":1},"f":{"0":3,"1":1440,"2":720,"3":28,"4":3,"5":12,"6":12,"7":12,"8":12,"9":1440,"10":12,"11":30,"12":1,"13":28,"14":63},"b":{"0":[1440,1440],"1":[648,72],"2":[28,4],"3":[28,6],"4":[0,3],"5":[0,3],"6":[3,3],"7":[12,12],"8":[12,0],"9":[6,6],"10":[6,0],"11":[360,360],"12":[1440,288],"13":[72,648],"14":[33,39],"15":[12,0],"16":[0,1],"17":[1,0],"18":[0,1]},"_coverageSchema":"1a1c01bbd47fc00a2c39e90264f33305004495a9","hash":"c206eae37b0a63a71a6f641c5d449a1275ce1f3b"}
}
