TN:
SF:src/server.js
FN:36,(anonymous_0)
FN:41,(anonymous_1)
FN:80,(anonymous_2)
FN:97,(anonymous_3)
FN:113,(anonymous_4)
FN:117,(anonymous_5)
FN:122,(anonymous_6)
FN:130,(anonymous_7)
FN:146,(anonymous_8)
FN:173,(anonymous_9)
FN:178,(anonymous_10)
FNF:11
FNH:0
FNDA:0,(anonymous_0)
FNDA:0,(anonymous_1)
FNDA:0,(anonymous_2)
FNDA:0,(anonymous_3)
FNDA:0,(anonymous_4)
FNDA:0,(anonymous_5)
FNDA:0,(anonymous_6)
FNDA:0,(anonymous_7)
FNDA:0,(anonymous_8)
FNDA:0,(anonymous_9)
FNDA:0,(anonymous_10)
DA:1,0
DA:2,0
DA:3,0
DA:4,0
DA:5,0
DA:6,0
DA:9,0
DA:10,0
DA:11,0
DA:12,0
DA:13,0
DA:14,0
DA:17,0
DA:20,0
DA:21,0
DA:25,0
DA:28,0
DA:35,0
DA:38,0
DA:41,0
DA:42,0
DA:43,0
DA:46,0
DA:49,0
DA:50,0
DA:52,0
DA:59,0
DA:60,0
DA:63,0
DA:70,0
DA:73,0
DA:80,0
DA:81,0
DA:89,0
DA:90,0
DA:91,0
DA:92,0
DA:93,0
DA:94,0
DA:97,0
DA:98,0
DA:113,0
DA:114,0
DA:117,0
DA:118,0
DA:122,0
DA:123,0
DA:130,0
DA:131,0
DA:134,0
DA:136,0
DA:144,0
DA:146,0
DA:147,0
DA:148,0
DA:149,0
DA:150,0
DA:151,0
DA:152,0
DA:153,0
DA:154,0
DA:155,0
DA:156,0
DA:157,0
DA:158,0
DA:159,0
DA:160,0
DA:161,0
DA:162,0
DA:163,0
DA:164,0
DA:165,0
DA:166,0
DA:167,0
DA:168,0
DA:169,0
DA:173,0
DA:174,0
DA:175,0
DA:178,0
DA:179,0
DA:180,0
DA:183,0
LF:83
LH:0
BRDA:20,0,0,0
BRDA:20,0,1,0
BRDA:38,1,0,0
BRDA:38,1,1,0
BRDA:42,2,0,0
BRDA:42,2,1,0
BRDA:49,3,0,0
BRDA:49,3,1,0
BRDA:136,4,0,0
BRDA:136,4,1,0
BRDA:138,5,0,0
BRDA:138,5,1,0
BRDA:139,6,0,0
BRDA:139,6,1,0
BRF:14
BRH:0
end_of_record
TN:
SF:src/config/index.js
FN:42,(anonymous_0)
FNF:1
FNH:0
FNDA:0,(anonymous_0)
DA:1,1
DA:3,1
DA:42,0
LF:3
LH:2
BRDA:5,0,0,1
BRDA:5,0,1,0
BRDA:6,1,0,1
BRDA:6,1,1,0
BRDA:19,2,0,1
BRDA:19,2,1,0
BRDA:31,3,0,1
BRDA:31,3,1,0
BRDA:32,4,0,1
BRDA:32,4,1,0
BRDA:38,5,0,1
BRDA:38,5,1,0
BRDA:41,6,0,0
BRDA:41,6,1,1
BRF:14
BRH:7
end_of_record
TN:
SF:src/config/supabase.js
FNF:0
FNH:0
DA:1,1
DA:2,1
DA:5,1
DA:17,1
DA:22,1
LF:5
LH:5
BRDA:7,0,0,1
BRDA:7,0,1,0
BRF:2
BRH:1
end_of_record
TN:
SF:src/middleware/auth.js
FN:7,(anonymous_0)
FN:65,(anonymous_1)
FNF:2
FNH:0
FNDA:0,(anonymous_0)
FNDA:0,(anonymous_1)
DA:1,0
DA:2,0
DA:7,0
DA:8,0
DA:10,0
DA:12,0
DA:13,0
DA:19,0
DA:22,0
DA:25,0
DA:26,0
DA:33,0
DA:38,0
DA:40,0
DA:41,0
DA:47,0
DA:48,0
DA:54,0
DA:65,0
DA:66,0
DA:68,0
DA:70,0
DA:72,0
DA:74,0
DA:80,0
DA:81,0
DA:87,0
DA:88,0
DA:95,0
DA:102,0
DA:106,0
DA:108,0
DA:109,0
DA:116,0
DA:119,0
DA:120,0
DA:127,0
DA:132,0
DA:134,0
DA:135,0
DA:141,0
DA:142,0
DA:148,0
DA:155,0
LF:44
LH:0
BRDA:12,0,0,0
BRDA:12,0,1,0
BRDA:12,1,0,0
BRDA:12,1,1,0
BRDA:25,2,0,0
BRDA:25,2,1,0
BRDA:40,3,0,0
BRDA:40,3,1,0
BRDA:47,4,0,0
BRDA:47,4,1,0
BRDA:68,5,0,0
BRDA:68,5,1,0
BRDA:70,6,0,0
BRDA:70,6,1,0
BRDA:80,7,0,0
BRDA:80,7,1,0
BRDA:80,8,0,0
BRDA:80,8,1,0
BRDA:87,9,0,0
BRDA:87,9,1,0
BRDA:108,10,0,0
BRDA:108,10,1,0
BRDA:119,11,0,0
BRDA:119,11,1,0
BRDA:134,12,0,0
BRDA:134,12,1,0
BRDA:141,13,0,0
BRDA:141,13,1,0
BRF:28
BRH:0
end_of_record
TN:
SF:src/routes/auth.js
FN:28,(anonymous_0)
FN:116,(anonymous_1)
FNF:2
FNH:0
FNDA:0,(anonymous_0)
FNDA:0,(anonymous_1)
DA:1,0
DA:2,0
DA:3,0
DA:4,0
DA:5,0
DA:7,0
DA:28,0
DA:29,0
DA:30,0
DA:33,0
DA:34,0
DA:41,0
DA:47,0
DA:48,0
DA:49,0
DA:55,0
DA:56,0
DA:62,0
DA:65,0
DA:67,0
DA:68,0
DA:75,0
DA:81,0
DA:94,0
DA:103,0
DA:104,0
DA:116,0
DA:117,0
DA:118,0
DA:120,0
DA:121,0
DA:127,0
DA:130,0
DA:132,0
DA:141,0
DA:148,0
LF:36
LH:0
BRDA:33,0,0,0
BRDA:33,0,1,0
BRDA:33,1,0,0
BRDA:33,1,1,0
BRDA:47,2,0,0
BRDA:47,2,1,0
BRDA:55,3,0,0
BRDA:55,3,1,0
BRDA:55,4,0,0
BRDA:55,4,1,0
BRDA:67,5,0,0
BRDA:67,5,1,0
BRDA:120,6,0,0
BRDA:120,6,1,0
BRDA:120,7,0,0
BRDA:120,7,1,0
BRF:16
BRH:0
end_of_record
TN:
SF:src/routes/availability.js
FN:25,(anonymous_0)
FN:54,(anonymous_1)
FN:110,(anonymous_2)
FN:162,(anonymous_3)
FN:298,(anonymous_4)
FN:367,(anonymous_5)
FN:422,(anonymous_6)
FNF:7
FNH:0
FNDA:0,(anonymous_0)
FNDA:0,(anonymous_1)
FNDA:0,(anonymous_2)
FNDA:0,(anonymous_3)
FNDA:0,(anonymous_4)
FNDA:0,(anonymous_5)
FNDA:0,(anonymous_6)
DA:1,0
DA:2,0
DA:3,0
DA:9,0
DA:11,0
DA:25,0
DA:26,0
DA:27,0
DA:30,0
DA:31,0
DA:38,0
DA:39,0
DA:46,0
DA:47,0
DA:54,0
DA:55,0
DA:56,0
DA:63,0
DA:76,0
DA:77,0
DA:78,0
DA:84,0
DA:90,0
DA:91,0
DA:110,0
DA:111,0
DA:112,0
DA:115,0
DA:116,0
DA:122,0
DA:128,0
DA:129,0
DA:135,0
DA:138,0
DA:139,0
DA:146,0
DA:147,0
DA:154,0
DA:155,0
DA:162,0
DA:163,0
DA:164,0
DA:171,0
DA:178,0
DA:179,0
DA:180,0
DA:188,0
DA:190,0
DA:200,0
DA:201,0
DA:202,0
DA:208,0
DA:211,0
DA:221,0
DA:222,0
DA:223,0
DA:229,0
DA:233,0
DA:239,0
DA:240,0
DA:244,0
DA:246,0
DA:248,0
DA:249,0
DA:251,0
DA:253,0
DA:254,0
DA:255,0
DA:257,0
DA:261,0
DA:263,0
DA:264,0
DA:265,0
DA:267,0
DA:271,0
DA:275,0
DA:281,0
DA:282,0
DA:298,0
DA:299,0
DA:300,0
DA:302,0
DA:303,0
DA:310,0
DA:316,0
DA:317,0
DA:323,0
DA:325,0
DA:326,0
DA:333,0
DA:340,0
DA:341,0
DA:342,0
DA:348,0
DA:354,0
DA:355,0
DA:367,0
DA:368,0
DA:369,0
DA:372,0
DA:373,0
DA:380,0
DA:395,0
DA:396,0
DA:397,0
DA:403,0
DA:409,0
DA:410,0
DA:422,0
DA:423,0
DA:424,0
DA:427,0
DA:432,0
DA:433,0
DA:434,0
DA:440,0
DA:446,0
DA:447,0
DA:454,0
LF:119
LH:0
BRDA:30,0,0,0
BRDA:30,0,1,0
BRDA:30,1,0,0
BRDA:30,1,1,0
BRDA:30,1,2,0
BRDA:38,2,0,0
BRDA:38,2,1,0
BRDA:46,3,0,0
BRDA:46,3,1,0
BRDA:54,4,0,0
BRDA:54,4,1,0
BRDA:55,5,0,0
BRDA:55,5,1,0
BRDA:76,6,0,0
BRDA:76,6,1,0
BRDA:115,7,0,0
BRDA:115,7,1,0
BRDA:128,8,0,0
BRDA:128,8,1,0
BRDA:128,9,0,0
BRDA:128,9,1,0
BRDA:138,10,0,0
BRDA:138,10,1,0
BRDA:138,11,0,0
BRDA:138,11,1,0
BRDA:146,12,0,0
BRDA:146,12,1,0
BRDA:154,13,0,0
BRDA:154,13,1,0
BRDA:162,14,0,0
BRDA:162,14,1,0
BRDA:163,15,0,0
BRDA:163,15,1,0
BRDA:178,16,0,0
BRDA:178,16,1,0
BRDA:178,17,0,0
BRDA:178,17,1,0
BRDA:188,18,0,0
BRDA:188,18,1,0
BRDA:200,19,0,0
BRDA:200,19,1,0
BRDA:221,20,0,0
BRDA:221,20,1,0
BRDA:239,21,0,0
BRDA:239,21,1,0
BRDA:244,22,0,0
BRDA:244,22,1,0
BRDA:246,23,0,0
BRDA:246,23,1,0
BRDA:249,24,0,0
BRDA:249,24,1,0
BRDA:253,25,0,0
BRDA:253,25,1,0
BRDA:253,26,0,0
BRDA:253,26,1,0
BRDA:257,27,0,0
BRDA:257,27,1,0
BRDA:263,28,0,0
BRDA:263,28,1,0
BRDA:263,29,0,0
BRDA:263,29,1,0
BRDA:302,30,0,0
BRDA:302,30,1,0
BRDA:316,31,0,0
BRDA:316,31,1,0
BRDA:316,32,0,0
BRDA:316,32,1,0
BRDA:325,33,0,0
BRDA:325,33,1,0
BRDA:340,34,0,0
BRDA:340,34,1,0
BRDA:340,35,0,0
BRDA:340,35,1,0
BRDA:349,36,0,0
BRDA:349,36,1,0
BRDA:372,37,0,0
BRDA:372,37,1,0
BRDA:395,38,0,0
BRDA:395,38,1,0
BRDA:405,39,0,0
BRDA:405,39,1,0
BRDA:432,40,0,0
BRDA:432,40,1,0
BRDA:442,41,0,0
BRDA:442,41,1,0
BRF:85
BRH:0
end_of_record
TN:
SF:src/routes/calendar.js
FN:13,(anonymous_0)
FN:82,(anonymous_1)
FN:126,(anonymous_2)
FN:284,(anonymous_3)
FN:374,(anonymous_4)
FNF:5
FNH:0
FNDA:0,(anonymous_0)
FNDA:0,(anonymous_1)
FNDA:0,(anonymous_2)
FNDA:0,(anonymous_3)
FNDA:0,(anonymous_4)
DA:1,0
DA:2,0
DA:3,0
DA:4,0
DA:6,0
DA:13,0
DA:14,0
DA:15,0
DA:17,0
DA:18,0
DA:25,0
DA:32,0
DA:33,0
DA:35,0
DA:45,0
DA:46,0
DA:47,0
DA:53,0
DA:57,0
DA:59,0
DA:69,0
DA:70,0
DA:82,0
DA:83,0
DA:84,0
DA:87,0
DA:93,0
DA:94,0
DA:101,0
DA:103,0
DA:114,0
DA:115,0
DA:126,0
DA:127,0
DA:128,0
DA:130,0
DA:131,0
DA:142,0
DA:143,0
DA:147,0
DA:151,0
DA:157,0
DA:167,0
DA:168,0
DA:169,0
DA:173,0
DA:266,0
DA:267,0
DA:284,0
DA:285,0
DA:286,0
DA:289,0
DA:290,0
DA:297,0
DA:303,0
DA:304,0
DA:311,0
DA:318,0
DA:319,0
DA:320,0
DA:323,0
DA:333,0
DA:343,0
DA:349,0
DA:362,0
DA:363,0
DA:374,0
DA:375,0
DA:376,0
DA:378,0
DA:384,0
DA:385,0
DA:391,0
DA:393,0
DA:400,0
DA:401,0
DA:408,0
LF:77
LH:0
BRDA:17,0,0,0
BRDA:17,0,1,0
BRDA:32,1,0,0
BRDA:32,1,1,0
BRDA:32,2,0,0
BRDA:32,2,1,0
BRDA:45,3,0,0
BRDA:45,3,1,0
BRDA:93,4,0,0
BRDA:93,4,1,0
BRDA:93,5,0,0
BRDA:93,5,1,0
BRDA:130,6,0,0
BRDA:130,6,1,0
BRDA:142,7,0,0
BRDA:142,7,1,0
BRDA:142,8,0,0
BRDA:142,8,1,0
BRDA:167,9,0,0
BRDA:167,9,1,0
BRDA:289,10,0,0
BRDA:289,10,1,0
BRDA:289,11,0,0
BRDA:289,11,1,0
BRDA:289,11,2,0
BRDA:289,11,3,0
BRDA:303,12,0,0
BRDA:303,12,1,0
BRDA:303,13,0,0
BRDA:303,13,1,0
BRDA:318,14,0,0
BRDA:318,14,1,0
BRDA:338,15,0,0
BRDA:338,15,1,0
BRDA:339,16,0,0
BRDA:339,16,1,0
BRDA:351,17,0,0
BRDA:351,17,1,0
BRDA:365,18,0,0
BRDA:365,18,1,0
BRDA:384,19,0,0
BRDA:384,19,1,0
BRDA:384,20,0,0
BRDA:384,20,1,0
BRF:44
BRH:0
end_of_record
TN:
SF:src/routes/matching.js
FN:18,(anonymous_0)
FN:64,(anonymous_1)
FNF:2
FNH:0
FNDA:0,(anonymous_0)
FNDA:0,(anonymous_1)
DA:1,0
DA:2,0
DA:3,0
DA:5,0
DA:18,0
DA:19,0
DA:20,0
DA:23,0
DA:24,0
DA:30,0
DA:32,0
DA:33,0
DA:39,0
DA:45,0
DA:46,0
DA:64,0
DA:65,0
DA:66,0
DA:69,0
DA:70,0
DA:77,0
DA:79,0
DA:80,0
DA:87,0
DA:89,0
DA:90,0
DA:96,0
DA:104,0
DA:105,0
DA:112,0
LF:30
LH:0
BRDA:23,0,0,0
BRDA:23,0,1,0
BRDA:23,1,0,0
BRDA:23,1,1,0
BRDA:32,2,0,0
BRDA:32,2,1,0
BRDA:69,3,0,0
BRDA:69,3,1,0
BRDA:69,4,0,0
BRDA:69,4,1,0
BRDA:79,5,0,0
BRDA:79,5,1,0
BRDA:89,6,0,0
BRDA:89,6,1,0
BRF:14
BRH:0
end_of_record
TN:
SF:src/routes/schedules.js
FN:18,(anonymous_0)
FN:69,(anonymous_1)
FN:132,(anonymous_2)
FN:186,(anonymous_3)
FN:323,(anonymous_4)
FN:365,(anonymous_5)
FN:411,(anonymous_6)
FN:468,(anonymous_7)
FN:512,(anonymous_8)
FN:528,(anonymous_9)
FNF:10
FNH:0
FNDA:0,(anonymous_0)
FNDA:0,(anonymous_1)
FNDA:0,(anonymous_2)
FNDA:0,(anonymous_3)
FNDA:0,(anonymous_4)
FNDA:0,(anonymous_5)
FNDA:0,(anonymous_6)
FNDA:0,(anonymous_7)
FNDA:0,(anonymous_8)
FNDA:0,(anonymous_9)
DA:1,0
DA:2,0
DA:3,0
DA:5,0
DA:18,0
DA:19,0
DA:20,0
DA:22,0
DA:23,0
DA:30,0
DA:31,0
DA:32,0
DA:34,0
DA:35,0
DA:37,0
DA:38,0
DA:41,0
DA:46,0
DA:47,0
DA:53,0
DA:56,0
DA:58,0
DA:59,0
DA:60,0
DA:68,0
DA:69,0
DA:70,0
DA:72,0
DA:73,0
DA:74,0
DA:82,0
DA:93,0
DA:94,0
DA:95,0
DA:100,0
DA:101,0
DA:102,0
DA:103,0
DA:104,0
DA:106,0
DA:113,0
DA:119,0
DA:120,0
DA:132,0
DA:133,0
DA:134,0
DA:137,0
DA:138,0
DA:145,0
DA:151,0
DA:152,0
DA:153,0
DA:159,0
DA:165,0
DA:166,0
DA:186,0
DA:187,0
DA:188,0
DA:191,0
DA:192,0
DA:199,0
DA:200,0
DA:207,0
DA:218,0
DA:219,0
DA:226,0
DA:234,0
DA:235,0
DA:236,0
DA:244,0
DA:246,0
DA:251,0
DA:258,0
DA:259,0
DA:260,0
DA:266,0
DA:269,0
DA:280,0
DA:281,0
DA:282,0
DA:288,0
DA:292,0
DA:300,0
DA:301,0
DA:304,0
DA:310,0
DA:311,0
DA:323,0
DA:324,0
DA:325,0
DA:327,0
DA:332,0
DA:333,0
DA:334,0
DA:340,0
DA:346,0
DA:347,0
DA:365,0
DA:366,0
DA:367,0
DA:369,0
DA:370,0
DA:376,0
DA:384,0
DA:385,0
DA:386,0
DA:392,0
DA:398,0
DA:399,0
DA:411,0
DA:412,0
DA:413,0
DA:416,0
DA:417,0
DA:424,0
DA:430,0
DA:431,0
DA:432,0
DA:438,0
DA:450,0
DA:451,0
DA:468,0
DA:469,0
DA:470,0
DA:472,0
DA:473,0
DA:480,0
DA:481,0
DA:482,0
DA:484,0
DA:485,0
DA:486,0
DA:487,0
DA:490,0
DA:494,0
DA:495,0
DA:497,0
DA:500,0
DA:502,0
DA:503,0
DA:504,0
DA:511,0
DA:512,0
DA:513,0
DA:514,0
DA:515,0
DA:521,0
DA:522,0
DA:523,0
DA:525,0
DA:528,0
DA:535,0
DA:536,0
DA:538,0
DA:539,0
DA:541,0
DA:549,0
DA:550,0
DA:557,0
LF:159
LH:0
BRDA:22,0,0,0
BRDA:22,0,1,0
BRDA:46,1,0,0
BRDA:46,1,1,0
BRDA:58,2,0,0
BRDA:58,2,1,0
BRDA:72,3,0,0
BRDA:72,3,1,0
BRDA:94,4,0,0
BRDA:94,4,1,0
BRDA:95,5,0,0
BRDA:95,5,1,0
BRDA:106,6,0,0
BRDA:106,6,1,0
BRDA:137,7,0,0
BRDA:137,7,1,0
BRDA:151,8,0,0
BRDA:151,8,1,0
BRDA:161,9,0,0
BRDA:161,9,1,0
BRDA:191,10,0,0
BRDA:191,10,1,0
BRDA:191,11,0,0
BRDA:191,11,1,0
BRDA:191,11,2,0
BRDA:199,12,0,0
BRDA:199,12,1,0
BRDA:199,13,0,0
BRDA:199,13,1,0
BRDA:218,14,0,0
BRDA:218,14,1,0
BRDA:234,15,0,0
BRDA:234,15,1,0
BRDA:234,16,0,0
BRDA:234,16,1,0
BRDA:244,17,0,0
BRDA:244,17,1,0
BRDA:247,18,0,0
BRDA:247,18,1,0
BRDA:258,19,0,0
BRDA:258,19,1,0
BRDA:275,20,0,0
BRDA:275,20,1,0
BRDA:280,21,0,0
BRDA:280,21,1,0
BRDA:300,22,0,0
BRDA:300,22,1,0
BRDA:305,23,0,0
BRDA:305,23,1,0
BRDA:306,24,0,0
BRDA:306,24,1,0
BRDA:332,25,0,0
BRDA:332,25,1,0
BRDA:369,26,0,0
BRDA:369,26,1,0
BRDA:369,27,0,0
BRDA:369,27,1,0
BRDA:384,28,0,0
BRDA:384,28,1,0
BRDA:416,29,0,0
BRDA:416,29,1,0
BRDA:430,30,0,0
BRDA:430,30,1,0
BRDA:430,31,0,0
BRDA:430,31,1,0
BRDA:440,32,0,0
BRDA:440,32,1,0
BRDA:472,33,0,0
BRDA:472,33,1,0
BRDA:494,34,0,0
BRDA:494,34,1,0
BRDA:502,35,0,0
BRDA:502,35,1,0
BRDA:513,36,0,0
BRDA:513,36,1,0
BRDA:513,37,0,0
BRDA:513,37,1,0
BRDA:514,38,0,0
BRDA:514,38,1,0
BRF:79
BRH:0
end_of_record
TN:
SF:src/routes/users.js
FN:16,(anonymous_0)
FN:55,(anonymous_1)
FN:123,(anonymous_2)
FN:191,(anonymous_3)
FN:251,(anonymous_4)
FN:310,(anonymous_5)
FN:373,(anonymous_6)
FNF:7
FNH:0
FNDA:0,(anonymous_0)
FNDA:0,(anonymous_1)
FNDA:0,(anonymous_2)
FNDA:0,(anonymous_3)
FNDA:0,(anonymous_4)
FNDA:0,(anonymous_5)
FNDA:0,(anonymous_6)
DA:1,0
DA:2,0
DA:3,0
DA:4,0
DA:5,0
DA:6,0
DA:7,0
DA:9,0
DA:16,0
DA:17,0
DA:18,0
DA:23,0
DA:24,0
DA:25,0
DA:31,0
DA:34,0
DA:35,0
DA:55,0
DA:56,0
DA:57,0
DA:60,0
DA:61,0
DA:67,0
DA:68,0
DA:75,0
DA:78,0
DA:90,0
DA:91,0
DA:94,0
DA:95,0
DA:101,0
DA:107,0
DA:110,0
DA:111,0
DA:123,0
DA:124,0
DA:125,0
DA:126,0
DA:129,0
DA:130,0
DA:131,0
DA:132,0
DA:133,0
DA:134,0
DA:135,0
DA:140,0
DA:142,0
DA:144,0
DA:145,0
DA:152,0
DA:159,0
DA:160,0
DA:162,0
DA:163,0
DA:169,0
DA:175,0
DA:178,0
DA:179,0
DA:191,0
DA:192,0
DA:193,0
DA:196,0
DA:197,0
DA:200,0
DA:205,0
DA:206,0
DA:207,0
DA:214,0
DA:215,0
DA:216,0
DA:217,0
DA:218,0
DA:220,0
DA:223,0
DA:227,0
DA:233,0
DA:234,0
DA:251,0
DA:252,0
DA:253,0
DA:256,0
DA:262,0
DA:263,0
DA:264,0
DA:271,0
DA:285,0
DA:287,0
DA:297,0
DA:298,0
DA:310,0
DA:311,0
DA:312,0
DA:315,0
DA:318,0
DA:325,0
DA:326,0
DA:327,0
DA:334,0
DA:347,0
DA:349,0
DA:360,0
DA:361,0
DA:373,0
DA:374,0
DA:375,0
DA:378,0
DA:384,0
DA:385,0
DA:392,0
DA:393,0
DA:399,0
DA:409,0
DA:410,0
DA:417,0
LF:114
LH:0
BRDA:23,0,0,0
BRDA:23,0,1,0
BRDA:60,1,0,0
BRDA:60,1,1,0
BRDA:60,2,0,0
BRDA:60,2,1,0
BRDA:60,2,2,0
BRDA:67,3,0,0
BRDA:67,3,1,0
BRDA:90,4,0,0
BRDA:90,4,1,0
BRDA:94,5,0,0
BRDA:94,5,1,0
BRDA:130,6,0,0
BRDA:130,6,1,0
BRDA:131,7,0,0
BRDA:131,7,1,0
BRDA:132,8,0,0
BRDA:132,8,1,0
BRDA:133,9,0,0
BRDA:133,9,1,0
BRDA:134,10,0,0
BRDA:134,10,1,0
BRDA:142,11,0,0
BRDA:142,11,1,0
BRDA:144,12,0,0
BRDA:144,12,1,0
BRDA:159,13,0,0
BRDA:159,13,1,0
BRDA:162,14,0,0
BRDA:162,14,1,0
BRDA:205,15,0,0
BRDA:205,15,1,0
BRDA:217,16,0,0
BRDA:217,16,1,0
BRDA:262,17,0,0
BRDA:262,17,1,0
BRDA:262,18,0,0
BRDA:262,18,1,0
BRDA:325,19,0,0
BRDA:325,19,1,0
BRDA:325,20,0,0
BRDA:325,20,1,0
BRDA:384,21,0,0
BRDA:384,21,1,0
BRDA:384,22,0,0
BRDA:384,22,1,0
BRDA:392,23,0,0
BRDA:392,23,1,0
BRF:49
BRH:0
end_of_record
TN:
SF:src/services/calendar.js
FN:7,getOAuthClient
FN:18,getAuthUrl
FN:32,getTokensFromCode
FN:41,getCalendarClient
FN:50,createCalendarEvent
FN:75,(anonymous_5)
FN:90,updateCalendarEvent
FN:118,deleteCalendarEvent
FN:132,refreshAccessToken
FNF:9
FNH:0
FNDA:0,getOAuthClient
FNDA:0,getAuthUrl
FNDA:0,getTokensFromCode
FNDA:0,getCalendarClient
FNDA:0,createCalendarEvent
FNDA:0,(anonymous_5)
FNDA:0,updateCalendarEvent
FNDA:0,deleteCalendarEvent
FNDA:0,refreshAccessToken
DA:1,0
DA:2,0
DA:8,0
DA:19,0
DA:21,0
DA:33,0
DA:34,0
DA:35,0
DA:42,0
DA:43,0
DA:44,0
DA:51,0
DA:53,0
DA:74,0
DA:75,0
DA:78,0
DA:84,0
DA:91,0
DA:93,0
DA:106,0
DA:112,0
DA:119,0
DA:121,0
DA:126,0
DA:133,0
DA:134,0
DA:138,0
DA:139,0
DA:142,0
LF:29
LH:0
BRDA:55,0,0,0
BRDA:55,0,1,0
BRDA:58,1,0,0
BRDA:58,1,1,0
BRDA:62,2,0,0
BRDA:62,2,1,0
BRDA:74,3,0,0
BRDA:74,3,1,0
BRDA:74,4,0,0
BRDA:74,4,1,0
BRDA:95,5,0,0
BRDA:95,5,1,0
BRDA:98,6,0,0
BRDA:98,6,1,0
BRDA:102,7,0,0
BRDA:102,7,1,0
BRF:16
BRH:0
end_of_record
TN:
SF:src/services/matching.js
FN:30,getDaysInMonth
FN:37,isUserAvailable
FN:45,selectBestCandidate
FN:49,(anonymous_3)
FN:64,generateMonthlySchedule
FN:99,(anonymous_5)
FN:100,(anonymous_6)
FN:113,(anonymous_7)
FN:125,(anonymous_8)
FN:152,(anonymous_9)
FN:185,(anonymous_10)
FN:187,(anonymous_11)
FN:221,applySchedule
FN:238,(anonymous_13)
FN:240,(anonymous_14)
FN:285,generateIncrementalSchedule
FN:329,(anonymous_16)
FN:335,(anonymous_17)
FN:338,(anonymous_18)
FN:355,(anonymous_19)
FN:411,applyIncrementalSchedule
FN:454,handleUserDeletion
FNF:22
FNH:15
FNDA:3,getDaysInMonth
FNDA:2520,isUserAvailable
FNDA:720,selectBestCandidate
FNDA:259,(anonymous_3)
FNDA:3,generateMonthlySchedule
FNDA:27,(anonymous_5)
FNDA:21,(anonymous_6)
FNDA:21,(anonymous_7)
FNDA:21,(anonymous_8)
FNDA:2520,(anonymous_9)
FNDA:21,(anonymous_10)
FNDA:84,(anonymous_11)
FNDA:1,applySchedule
FNDA:67,(anonymous_13)
FNDA:174,(anonymous_14)
FNDA:0,generateIncrementalSchedule
FNDA:0,(anonymous_16)
FNDA:0,(anonymous_17)
FNDA:0,(anonymous_18)
FNDA:0,(anonymous_19)
FNDA:0,applyIncrementalSchedule
FNDA:0,handleUserDeletion
DA:1,1
DA:16,1
DA:31,3
DA:38,2520
DA:46,720
DA:49,191
DA:50,259
DA:51,259
DA:52,259
DA:55,191
DA:65,3
DA:67,3
DA:68,3
DA:70,3
DA:73,3
DA:87,3
DA:88,0
DA:91,3
DA:92,0
DA:95,3
DA:98,3
DA:99,27
DA:100,21
DA:107,3
DA:110,3
DA:111,3
DA:113,3
DA:114,21
DA:115,15
DA:116,6
DA:117,6
DA:121,3
DA:124,3
DA:125,3
DA:126,21
DA:130,3
DA:131,3
DA:141,3
DA:142,90
DA:145,90
DA:148,90
DA:149,720
DA:152,720
DA:153,2520
DA:157,720
DA:159,720
DA:160,191
DA:167,191
DA:168,191
DA:169,191
DA:171,191
DA:172,152
DA:174,39
DA:178,529
DA:179,529
DA:185,3
DA:186,21
DA:187,84
DA:188,21
DA:195,3
DA:197,3
DA:205,0
DA:206,0
DA:222,1
DA:223,1
DA:226,1
DA:231,1
DA:232,0
DA:235,1
DA:238,1
DA:239,67
DA:240,174
DA:241,67
DA:250,1
DA:251,1
DA:255,1
DA:256,0
DA:259,1
DA:262,1
DA:269,0
DA:270,0
DA:286,0
DA:287,0
DA:288,0
DA:290,0
DA:293,0
DA:299,0
DA:300,0
DA:303,0
DA:310,0
DA:311,0
DA:314,0
DA:315,0
DA:318,0
DA:323,0
DA:324,0
DA:328,0
DA:329,0
DA:330,0
DA:331,0
DA:335,0
DA:338,0
DA:341,0
DA:342,0
DA:344,0
DA:346,0
DA:349,0
DA:350,0
DA:351,0
DA:355,0
DA:356,0
DA:359,0
DA:362,0
DA:363,0
DA:365,0
DA:367,0
DA:375,0
DA:378,0
DA:383,0
DA:385,0
DA:397,0
DA:398,0
DA:412,0
DA:413,0
DA:414,0
DA:421,0
DA:424,0
DA:428,0
DA:429,0
DA:432,0
DA:439,0
DA:440,0
DA:455,0
DA:456,0
DA:459,0
DA:465,0
DA:466,0
DA:469,0
DA:472,0
DA:474,0
DA:475,0
DA:476,0
DA:483,0
DA:489,0
DA:490,0
DA:497,1
LF:146
LH:74
BRDA:38,0,0,2520
BRDA:38,0,1,2520
BRDA:46,1,0,529
BRDA:46,1,1,191
BRDA:50,2,0,259
BRDA:50,2,1,35
BRDA:51,3,0,259
BRDA:51,3,1,29
BRDA:87,4,0,0
BRDA:87,4,1,3
BRDA:91,5,0,0
BRDA:91,5,1,3
BRDA:91,6,0,3
BRDA:91,6,1,3
BRDA:99,7,0,27
BRDA:99,7,1,27
BRDA:104,8,0,21
BRDA:104,8,1,0
BRDA:114,9,0,15
BRDA:114,9,1,6
BRDA:116,10,0,6
BRDA:116,10,1,0
BRDA:149,11,0,360
BRDA:149,11,1,360
BRDA:153,12,0,2520
BRDA:153,12,1,804
BRDA:159,13,0,191
BRDA:159,13,1,529
BRDA:171,14,0,152
BRDA:171,14,1,39
BRDA:186,15,0,21
BRDA:186,15,1,0
BRDA:231,16,0,0
BRDA:231,16,1,1
BRDA:250,17,0,1
BRDA:250,17,1,0
BRDA:255,18,0,0
BRDA:255,18,1,1
BRDA:299,19,0,0
BRDA:299,19,1,0
BRDA:299,20,0,0
BRDA:299,20,1,0
BRDA:310,21,0,0
BRDA:310,21,1,0
BRDA:310,22,0,0
BRDA:310,22,1,0
BRDA:314,23,0,0
BRDA:314,23,1,0
BRDA:323,24,0,0
BRDA:323,24,1,0
BRDA:346,25,0,0
BRDA:346,25,1,0
BRDA:349,26,0,0
BRDA:349,26,1,0
BRDA:356,27,0,0
BRDA:356,27,1,0
BRDA:359,28,0,0
BRDA:359,28,1,0
BRDA:365,29,0,0
BRDA:365,29,1,0
BRDA:413,30,0,0
BRDA:413,30,1,0
BRDA:413,31,0,0
BRDA:413,31,1,0
BRDA:428,32,0,0
BRDA:428,32,1,0
BRDA:465,33,0,0
BRDA:465,33,1,0
BRDA:474,34,0,0
BRDA:474,34,1,0
BRDA:474,35,0,0
BRDA:474,35,1,0
BRF:72
BRH:30
end_of_record
