TN:
SF:src/server.js
FN:36,(anonymous_0)
FN:41,(anonymous_1)
FN:80,(anonymous_2)
FN:97,(anonymous_3)
FN:113,(anonymous_4)
FN:117,(anonymous_5)
FN:122,(anonymous_6)
FN:130,(anonymous_7)
FN:146,(anonymous_8)
FN:173,(anonymous_9)
FN:178,(anonymous_10)
FNF:11
FNH:0
FNDA:0,(anonymous_0)
FNDA:0,(anonymous_1)
FNDA:0,(anonymous_2)
FNDA:0,(anonymous_3)
FNDA:0,(anonymous_4)
FNDA:0,(anonymous_5)
FNDA:0,(anonymous_6)
FNDA:0,(anonymous_7)
FNDA:0,(anonymous_8)
FNDA:0,(anonymous_9)
FNDA:0,(anonymous_10)
DA:1,0
DA:2,0
DA:3,0
DA:4,0
DA:5,0
DA:6,0
DA:9,0
DA:10,0
DA:11,0
DA:12,0
DA:13,0
DA:14,0
DA:17,0
DA:20,0
DA:21,0
DA:25,0
DA:28,0
DA:35,0
DA:38,0
DA:41,0
DA:42,0
DA:43,0
DA:46,0
DA:49,0
DA:50,0
DA:52,0
DA:59,0
DA:60,0
DA:63,0
DA:70,0
DA:73,0
DA:80,0
DA:81,0
DA:89,0
DA:90,0
DA:91,0
DA:92,0
DA:93,0
DA:94,0
DA:97,0
DA:98,0
DA:113,0
DA:114,0
DA:117,0
DA:118,0
DA:122,0
DA:123,0
DA:130,0
DA:131,0
DA:134,0
DA:136,0
DA:144,0
DA:146,0
DA:147,0
DA:148,0
DA:149,0
DA:150,0
DA:151,0
DA:152,0
DA:153,0
DA:154,0
DA:155,0
DA:156,0
DA:157,0
DA:158,0
DA:159,0
DA:160,0
DA:161,0
DA:162,0
DA:163,0
DA:164,0
DA:165,0
DA:166,0
DA:167,0
DA:168,0
DA:169,0
DA:173,0
DA:174,0
DA:175,0
DA:178,0
DA:179,0
DA:180,0
DA:183,0
LF:83
LH:0
BRDA:20,0,0,0
BRDA:20,0,1,0
BRDA:38,1,0,0
BRDA:38,1,1,0
BRDA:42,2,0,0
BRDA:42,2,1,0
BRDA:49,3,0,0
BRDA:49,3,1,0
BRDA:136,4,0,0
BRDA:136,4,1,0
BRDA:138,5,0,0
BRDA:138,5,1,0
BRDA:139,6,0,0
BRDA:139,6,1,0
BRF:14
BRH:0
end_of_record
TN:
SF:src/config/index.js
FN:42,(anonymous_0)
FNF:1
FNH:0
FNDA:0,(anonymous_0)
DA:1,1
DA:3,1
DA:42,0
LF:3
LH:2
BRDA:5,0,0,1
BRDA:5,0,1,0
BRDA:6,1,0,1
BRDA:6,1,1,0
BRDA:19,2,0,1
BRDA:19,2,1,0
BRDA:31,3,0,1
BRDA:31,3,1,0
BRDA:32,4,0,1
BRDA:32,4,1,0
BRDA:38,5,0,1
BRDA:38,5,1,0
BRDA:41,6,0,0
BRDA:41,6,1,1
BRF:14
BRH:7
end_of_record
TN:
SF:src/config/supabase.js
FNF:0
FNH:0
DA:1,1
DA:2,1
DA:5,1
DA:17,1
DA:22,1
LF:5
LH:5
BRDA:7,0,0,1
BRDA:7,0,1,0
BRF:2
BRH:1
end_of_record
TN:
SF:src/middleware/auth.js
FN:7,(anonymous_0)
FN:65,(anonymous_1)
FNF:2
FNH:0
FNDA:0,(anonymous_0)
FNDA:0,(anonymous_1)
DA:1,0
DA:2,0
DA:7,0
DA:8,0
DA:10,0
DA:12,0
DA:13,0
DA:19,0
DA:22,0
DA:25,0
DA:26,0
DA:33,0
DA:38,0
DA:40,0
DA:41,0
DA:47,0
DA:48,0
DA:54,0
DA:65,0
DA:66,0
DA:68,0
DA:70,0
DA:72,0
DA:74,0
DA:80,0
DA:81,0
DA:87,0
DA:88,0
DA:95,0
DA:102,0
DA:106,0
DA:108,0
DA:109,0
DA:116,0
DA:119,0
DA:120,0
DA:127,0
DA:132,0
DA:134,0
DA:135,0
DA:141,0
DA:142,0
DA:148,0
DA:155,0
LF:44
LH:0
BRDA:12,0,0,0
BRDA:12,0,1,0
BRDA:12,1,0,0
BRDA:12,1,1,0
BRDA:25,2,0,0
BRDA:25,2,1,0
BRDA:40,3,0,0
BRDA:40,3,1,0
BRDA:47,4,0,0
BRDA:47,4,1,0
BRDA:68,5,0,0
BRDA:68,5,1,0
BRDA:70,6,0,0
BRDA:70,6,1,0
BRDA:80,7,0,0
BRDA:80,7,1,0
BRDA:80,8,0,0
BRDA:80,8,1,0
BRDA:87,9,0,0
BRDA:87,9,1,0
BRDA:108,10,0,0
BRDA:108,10,1,0
BRDA:119,11,0,0
BRDA:119,11,1,0
BRDA:134,12,0,0
BRDA:134,12,1,0
BRDA:141,13,0,0
BRDA:141,13,1,0
BRF:28
BRH:0
end_of_record
TN:
SF:src/routes/auth.js
FN:28,(anonymous_0)
FN:116,(anonymous_1)
FNF:2
FNH:0
FNDA:0,(anonymous_0)
FNDA:0,(anonymous_1)
DA:1,0
DA:2,0
DA:3,0
DA:4,0
DA:5,0
DA:7,0
DA:28,0
DA:29,0
DA:30,0
DA:33,0
DA:34,0
DA:41,0
DA:47,0
DA:48,0
DA:49,0
DA:55,0
DA:56,0
DA:62,0
DA:65,0
DA:67,0
DA:68,0
DA:75,0
DA:81,0
DA:94,0
DA:103,0
DA:104,0
DA:116,0
DA:117,0
DA:118,0
DA:120,0
DA:121,0
DA:127,0
DA:130,0
DA:132,0
DA:141,0
DA:148,0
LF:36
LH:0
BRDA:33,0,0,0
BRDA:33,0,1,0
BRDA:33,1,0,0
BRDA:33,1,1,0
BRDA:47,2,0,0
BRDA:47,2,1,0
BRDA:55,3,0,0
BRDA:55,3,1,0
BRDA:55,4,0,0
BRDA:55,4,1,0
BRDA:67,5,0,0
BRDA:67,5,1,0
BRDA:120,6,0,0
BRDA:120,6,1,0
BRDA:120,7,0,0
BRDA:120,7,1,0
BRF:16
BRH:0
end_of_record
TN:
SF:src/routes/availability.js
FN:19,(anonymous_0)
FN:48,(anonymous_1)
FN:103,(anonymous_2)
FN:133,(anonymous_3)
FN:225,(anonymous_4)
FN:272,(anonymous_5)
FN:327,(anonymous_6)
FNF:7
FNH:0
FNDA:0,(anonymous_0)
FNDA:0,(anonymous_1)
FNDA:0,(anonymous_2)
FNDA:0,(anonymous_3)
FNDA:0,(anonymous_4)
FNDA:0,(anonymous_5)
FNDA:0,(anonymous_6)
DA:1,0
DA:2,0
DA:3,0
DA:5,0
DA:19,0
DA:20,0
DA:21,0
DA:24,0
DA:25,0
DA:32,0
DA:33,0
DA:40,0
DA:41,0
DA:48,0
DA:49,0
DA:50,0
DA:57,0
DA:70,0
DA:71,0
DA:72,0
DA:78,0
DA:84,0
DA:85,0
DA:103,0
DA:104,0
DA:105,0
DA:106,0
DA:109,0
DA:110,0
DA:117,0
DA:118,0
DA:125,0
DA:126,0
DA:133,0
DA:134,0
DA:135,0
DA:142,0
DA:149,0
DA:150,0
DA:151,0
DA:159,0
DA:161,0
DA:171,0
DA:172,0
DA:173,0
DA:179,0
DA:182,0
DA:192,0
DA:193,0
DA:194,0
DA:200,0
DA:203,0
DA:209,0
DA:210,0
DA:225,0
DA:226,0
DA:227,0
DA:228,0
DA:230,0
DA:231,0
DA:238,0
DA:245,0
DA:246,0
DA:247,0
DA:253,0
DA:259,0
DA:260,0
DA:272,0
DA:273,0
DA:274,0
DA:277,0
DA:278,0
DA:285,0
DA:300,0
DA:301,0
DA:302,0
DA:308,0
DA:314,0
DA:315,0
DA:327,0
DA:328,0
DA:329,0
DA:332,0
DA:337,0
DA:338,0
DA:339,0
DA:345,0
DA:351,0
DA:352,0
DA:359,0
LF:90
LH:0
BRDA:24,0,0,0
BRDA:24,0,1,0
BRDA:24,1,0,0
BRDA:24,1,1,0
BRDA:24,1,2,0
BRDA:32,2,0,0
BRDA:32,2,1,0
BRDA:40,3,0,0
BRDA:40,3,1,0
BRDA:48,4,0,0
BRDA:48,4,1,0
BRDA:49,5,0,0
BRDA:49,5,1,0
BRDA:70,6,0,0
BRDA:70,6,1,0
BRDA:109,7,0,0
BRDA:109,7,1,0
BRDA:109,8,0,0
BRDA:109,8,1,0
BRDA:117,9,0,0
BRDA:117,9,1,0
BRDA:125,10,0,0
BRDA:125,10,1,0
BRDA:133,11,0,0
BRDA:133,11,1,0
BRDA:134,12,0,0
BRDA:134,12,1,0
BRDA:149,13,0,0
BRDA:149,13,1,0
BRDA:149,14,0,0
BRDA:149,14,1,0
BRDA:159,15,0,0
BRDA:159,15,1,0
BRDA:171,16,0,0
BRDA:171,16,1,0
BRDA:192,17,0,0
BRDA:192,17,1,0
BRDA:230,18,0,0
BRDA:230,18,1,0
BRDA:245,19,0,0
BRDA:245,19,1,0
BRDA:245,20,0,0
BRDA:245,20,1,0
BRDA:254,21,0,0
BRDA:254,21,1,0
BRDA:277,22,0,0
BRDA:277,22,1,0
BRDA:300,23,0,0
BRDA:300,23,1,0
BRDA:310,24,0,0
BRDA:310,24,1,0
BRDA:337,25,0,0
BRDA:337,25,1,0
BRDA:347,26,0,0
BRDA:347,26,1,0
BRF:55
BRH:0
end_of_record
TN:
SF:src/routes/calendar.js
FN:13,(anonymous_0)
FN:82,(anonymous_1)
FN:126,(anonymous_2)
FN:284,(anonymous_3)
FN:374,(anonymous_4)
FNF:5
FNH:0
FNDA:0,(anonymous_0)
FNDA:0,(anonymous_1)
FNDA:0,(anonymous_2)
FNDA:0,(anonymous_3)
FNDA:0,(anonymous_4)
DA:1,0
DA:2,0
DA:3,0
DA:4,0
DA:6,0
DA:13,0
DA:14,0
DA:15,0
DA:17,0
DA:18,0
DA:25,0
DA:32,0
DA:33,0
DA:35,0
DA:45,0
DA:46,0
DA:47,0
DA:53,0
DA:57,0
DA:59,0
DA:69,0
DA:70,0
DA:82,0
DA:83,0
DA:84,0
DA:87,0
DA:93,0
DA:94,0
DA:101,0
DA:103,0
DA:114,0
DA:115,0
DA:126,0
DA:127,0
DA:128,0
DA:130,0
DA:131,0
DA:142,0
DA:143,0
DA:147,0
DA:151,0
DA:157,0
DA:167,0
DA:168,0
DA:169,0
DA:173,0
DA:266,0
DA:267,0
DA:284,0
DA:285,0
DA:286,0
DA:289,0
DA:290,0
DA:297,0
DA:303,0
DA:304,0
DA:311,0
DA:318,0
DA:319,0
DA:320,0
DA:323,0
DA:333,0
DA:343,0
DA:349,0
DA:362,0
DA:363,0
DA:374,0
DA:375,0
DA:376,0
DA:378,0
DA:384,0
DA:385,0
DA:391,0
DA:393,0
DA:400,0
DA:401,0
DA:408,0
LF:77
LH:0
BRDA:17,0,0,0
BRDA:17,0,1,0
BRDA:32,1,0,0
BRDA:32,1,1,0
BRDA:32,2,0,0
BRDA:32,2,1,0
BRDA:45,3,0,0
BRDA:45,3,1,0
BRDA:93,4,0,0
BRDA:93,4,1,0
BRDA:93,5,0,0
BRDA:93,5,1,0
BRDA:130,6,0,0
BRDA:130,6,1,0
BRDA:142,7,0,0
BRDA:142,7,1,0
BRDA:142,8,0,0
BRDA:142,8,1,0
BRDA:167,9,0,0
BRDA:167,9,1,0
BRDA:289,10,0,0
BRDA:289,10,1,0
BRDA:289,11,0,0
BRDA:289,11,1,0
BRDA:289,11,2,0
BRDA:289,11,3,0
BRDA:303,12,0,0
BRDA:303,12,1,0
BRDA:303,13,0,0
BRDA:303,13,1,0
BRDA:318,14,0,0
BRDA:318,14,1,0
BRDA:338,15,0,0
BRDA:338,15,1,0
BRDA:339,16,0,0
BRDA:339,16,1,0
BRDA:351,17,0,0
BRDA:351,17,1,0
BRDA:365,18,0,0
BRDA:365,18,1,0
BRDA:384,19,0,0
BRDA:384,19,1,0
BRDA:384,20,0,0
BRDA:384,20,1,0
BRF:44
BRH:0
end_of_record
TN:
SF:src/routes/matching.js
FN:18,(anonymous_0)
FN:64,(anonymous_1)
FNF:2
FNH:0
FNDA:0,(anonymous_0)
FNDA:0,(anonymous_1)
DA:1,0
DA:2,0
DA:3,0
DA:5,0
DA:18,0
DA:19,0
DA:20,0
DA:23,0
DA:24,0
DA:30,0
DA:32,0
DA:33,0
DA:39,0
DA:45,0
DA:46,0
DA:64,0
DA:65,0
DA:66,0
DA:69,0
DA:70,0
DA:77,0
DA:79,0
DA:80,0
DA:87,0
DA:89,0
DA:90,0
DA:96,0
DA:104,0
DA:105,0
DA:112,0
LF:30
LH:0
BRDA:23,0,0,0
BRDA:23,0,1,0
BRDA:23,1,0,0
BRDA:23,1,1,0
BRDA:32,2,0,0
BRDA:32,2,1,0
BRDA:69,3,0,0
BRDA:69,3,1,0
BRDA:69,4,0,0
BRDA:69,4,1,0
BRDA:79,5,0,0
BRDA:79,5,1,0
BRDA:89,6,0,0
BRDA:89,6,1,0
BRF:14
BRH:0
end_of_record
TN:
SF:src/routes/schedules.js
FN:18,(anonymous_0)
FN:69,(anonymous_1)
FN:132,(anonymous_2)
FN:186,(anonymous_3)
FN:323,(anonymous_4)
FN:365,(anonymous_5)
FN:411,(anonymous_6)
FN:468,(anonymous_7)
FN:512,(anonymous_8)
FN:528,(anonymous_9)
FNF:10
FNH:0
FNDA:0,(anonymous_0)
FNDA:0,(anonymous_1)
FNDA:0,(anonymous_2)
FNDA:0,(anonymous_3)
FNDA:0,(anonymous_4)
FNDA:0,(anonymous_5)
FNDA:0,(anonymous_6)
FNDA:0,(anonymous_7)
FNDA:0,(anonymous_8)
FNDA:0,(anonymous_9)
DA:1,0
DA:2,0
DA:3,0
DA:5,0
DA:18,0
DA:19,0
DA:20,0
DA:22,0
DA:23,0
DA:30,0
DA:31,0
DA:32,0
DA:34,0
DA:35,0
DA:37,0
DA:38,0
DA:41,0
DA:46,0
DA:47,0
DA:53,0
DA:56,0
DA:58,0
DA:59,0
DA:60,0
DA:68,0
DA:69,0
DA:70,0
DA:72,0
DA:73,0
DA:74,0
DA:82,0
DA:93,0
DA:94,0
DA:95,0
DA:100,0
DA:101,0
DA:102,0
DA:103,0
DA:104,0
DA:106,0
DA:113,0
DA:119,0
DA:120,0
DA:132,0
DA:133,0
DA:134,0
DA:137,0
DA:138,0
DA:145,0
DA:151,0
DA:152,0
DA:153,0
DA:159,0
DA:165,0
DA:166,0
DA:186,0
DA:187,0
DA:188,0
DA:191,0
DA:192,0
DA:199,0
DA:200,0
DA:207,0
DA:218,0
DA:219,0
DA:226,0
DA:234,0
DA:235,0
DA:236,0
DA:244,0
DA:246,0
DA:251,0
DA:258,0
DA:259,0
DA:260,0
DA:266,0
DA:269,0
DA:280,0
DA:281,0
DA:282,0
DA:288,0
DA:292,0
DA:300,0
DA:301,0
DA:304,0
DA:310,0
DA:311,0
DA:323,0
DA:324,0
DA:325,0
DA:327,0
DA:332,0
DA:333,0
DA:334,0
DA:340,0
DA:346,0
DA:347,0
DA:365,0
DA:366,0
DA:367,0
DA:369,0
DA:370,0
DA:376,0
DA:384,0
DA:385,0
DA:386,0
DA:392,0
DA:398,0
DA:399,0
DA:411,0
DA:412,0
DA:413,0
DA:416,0
DA:417,0
DA:424,0
DA:430,0
DA:431,0
DA:432,0
DA:438,0
DA:450,0
DA:451,0
DA:468,0
DA:469,0
DA:470,0
DA:472,0
DA:473,0
DA:480,0
DA:481,0
DA:482,0
DA:484,0
DA:485,0
DA:486,0
DA:487,0
DA:490,0
DA:494,0
DA:495,0
DA:497,0
DA:500,0
DA:502,0
DA:503,0
DA:504,0
DA:511,0
DA:512,0
DA:513,0
DA:514,0
DA:515,0
DA:521,0
DA:522,0
DA:523,0
DA:525,0
DA:528,0
DA:535,0
DA:536,0
DA:538,0
DA:539,0
DA:541,0
DA:549,0
DA:550,0
DA:557,0
LF:159
LH:0
BRDA:22,0,0,0
BRDA:22,0,1,0
BRDA:46,1,0,0
BRDA:46,1,1,0
BRDA:58,2,0,0
BRDA:58,2,1,0
BRDA:72,3,0,0
BRDA:72,3,1,0
BRDA:94,4,0,0
BRDA:94,4,1,0
BRDA:95,5,0,0
BRDA:95,5,1,0
BRDA:106,6,0,0
BRDA:106,6,1,0
BRDA:137,7,0,0
BRDA:137,7,1,0
BRDA:151,8,0,0
BRDA:151,8,1,0
BRDA:161,9,0,0
BRDA:161,9,1,0
BRDA:191,10,0,0
BRDA:191,10,1,0
BRDA:191,11,0,0
BRDA:191,11,1,0
BRDA:191,11,2,0
BRDA:199,12,0,0
BRDA:199,12,1,0
BRDA:199,13,0,0
BRDA:199,13,1,0
BRDA:218,14,0,0
BRDA:218,14,1,0
BRDA:234,15,0,0
BRDA:234,15,1,0
BRDA:234,16,0,0
BRDA:234,16,1,0
BRDA:244,17,0,0
BRDA:244,17,1,0
BRDA:247,18,0,0
BRDA:247,18,1,0
BRDA:258,19,0,0
BRDA:258,19,1,0
BRDA:275,20,0,0
BRDA:275,20,1,0
BRDA:280,21,0,0
BRDA:280,21,1,0
BRDA:300,22,0,0
BRDA:300,22,1,0
BRDA:305,23,0,0
BRDA:305,23,1,0
BRDA:306,24,0,0
BRDA:306,24,1,0
BRDA:332,25,0,0
BRDA:332,25,1,0
BRDA:369,26,0,0
BRDA:369,26,1,0
BRDA:369,27,0,0
BRDA:369,27,1,0
BRDA:384,28,0,0
BRDA:384,28,1,0
BRDA:416,29,0,0
BRDA:416,29,1,0
BRDA:430,30,0,0
BRDA:430,30,1,0
BRDA:430,31,0,0
BRDA:430,31,1,0
BRDA:440,32,0,0
BRDA:440,32,1,0
BRDA:472,33,0,0
BRDA:472,33,1,0
BRDA:494,34,0,0
BRDA:494,34,1,0
BRDA:502,35,0,0
BRDA:502,35,1,0
BRDA:513,36,0,0
BRDA:513,36,1,0
BRDA:513,37,0,0
BRDA:513,37,1,0
BRDA:514,38,0,0
BRDA:514,38,1,0
BRF:79
BRH:0
end_of_record
TN:
SF:src/routes/users.js
FN:15,(anonymous_0)
FN:54,(anonymous_1)
FN:122,(anonymous_2)
FN:190,(anonymous_3)
FN:232,(anonymous_4)
FN:291,(anonymous_5)
FN:354,(anonymous_6)
FNF:7
FNH:0
FNDA:0,(anonymous_0)
FNDA:0,(anonymous_1)
FNDA:0,(anonymous_2)
FNDA:0,(anonymous_3)
FNDA:0,(anonymous_4)
FNDA:0,(anonymous_5)
FNDA:0,(anonymous_6)
DA:1,0
DA:2,0
DA:3,0
DA:4,0
DA:5,0
DA:6,0
DA:8,0
DA:15,0
DA:16,0
DA:17,0
DA:22,0
DA:23,0
DA:24,0
DA:30,0
DA:33,0
DA:34,0
DA:54,0
DA:55,0
DA:56,0
DA:59,0
DA:60,0
DA:66,0
DA:67,0
DA:74,0
DA:77,0
DA:89,0
DA:90,0
DA:93,0
DA:94,0
DA:100,0
DA:106,0
DA:109,0
DA:110,0
DA:122,0
DA:123,0
DA:124,0
DA:125,0
DA:128,0
DA:129,0
DA:130,0
DA:131,0
DA:132,0
DA:133,0
DA:134,0
DA:139,0
DA:141,0
DA:143,0
DA:144,0
DA:151,0
DA:158,0
DA:159,0
DA:161,0
DA:162,0
DA:168,0
DA:174,0
DA:177,0
DA:178,0
DA:190,0
DA:191,0
DA:192,0
DA:195,0
DA:200,0
DA:201,0
DA:202,0
DA:208,0
DA:214,0
DA:215,0
DA:232,0
DA:233,0
DA:234,0
DA:237,0
DA:243,0
DA:244,0
DA:245,0
DA:252,0
DA:266,0
DA:268,0
DA:278,0
DA:279,0
DA:291,0
DA:292,0
DA:293,0
DA:296,0
DA:299,0
DA:306,0
DA:307,0
DA:308,0
DA:315,0
DA:328,0
DA:330,0
DA:341,0
DA:342,0
DA:354,0
DA:355,0
DA:356,0
DA:359,0
DA:365,0
DA:366,0
DA:373,0
DA:374,0
DA:380,0
DA:390,0
DA:391,0
DA:398,0
LF:104
LH:0
BRDA:22,0,0,0
BRDA:22,0,1,0
BRDA:59,1,0,0
BRDA:59,1,1,0
BRDA:59,2,0,0
BRDA:59,2,1,0
BRDA:59,2,2,0
BRDA:66,3,0,0
BRDA:66,3,1,0
BRDA:89,4,0,0
BRDA:89,4,1,0
BRDA:93,5,0,0
BRDA:93,5,1,0
BRDA:129,6,0,0
BRDA:129,6,1,0
BRDA:130,7,0,0
BRDA:130,7,1,0
BRDA:131,8,0,0
BRDA:131,8,1,0
BRDA:132,9,0,0
BRDA:132,9,1,0
BRDA:133,10,0,0
BRDA:133,10,1,0
BRDA:141,11,0,0
BRDA:141,11,1,0
BRDA:143,12,0,0
BRDA:143,12,1,0
BRDA:158,13,0,0
BRDA:158,13,1,0
BRDA:161,14,0,0
BRDA:161,14,1,0
BRDA:200,15,0,0
BRDA:200,15,1,0
BRDA:243,16,0,0
BRDA:243,16,1,0
BRDA:243,17,0,0
BRDA:243,17,1,0
BRDA:306,18,0,0
BRDA:306,18,1,0
BRDA:306,19,0,0
BRDA:306,19,1,0
BRDA:365,20,0,0
BRDA:365,20,1,0
BRDA:365,21,0,0
BRDA:365,21,1,0
BRDA:373,22,0,0
BRDA:373,22,1,0
BRF:47
BRH:0
end_of_record
TN:
SF:src/services/calendar.js
FN:7,getOAuthClient
FN:18,getAuthUrl
FN:32,getTokensFromCode
FN:41,getCalendarClient
FN:50,createCalendarEvent
FN:75,(anonymous_5)
FN:90,updateCalendarEvent
FN:118,deleteCalendarEvent
FN:132,refreshAccessToken
FNF:9
FNH:0
FNDA:0,getOAuthClient
FNDA:0,getAuthUrl
FNDA:0,getTokensFromCode
FNDA:0,getCalendarClient
FNDA:0,createCalendarEvent
FNDA:0,(anonymous_5)
FNDA:0,updateCalendarEvent
FNDA:0,deleteCalendarEvent
FNDA:0,refreshAccessToken
DA:1,0
DA:2,0
DA:8,0
DA:19,0
DA:21,0
DA:33,0
DA:34,0
DA:35,0
DA:42,0
DA:43,0
DA:44,0
DA:51,0
DA:53,0
DA:74,0
DA:75,0
DA:78,0
DA:84,0
DA:91,0
DA:93,0
DA:106,0
DA:112,0
DA:119,0
DA:121,0
DA:126,0
DA:133,0
DA:134,0
DA:138,0
DA:139,0
DA:142,0
LF:29
LH:0
BRDA:55,0,0,0
BRDA:55,0,1,0
BRDA:58,1,0,0
BRDA:58,1,1,0
BRDA:62,2,0,0
BRDA:62,2,1,0
BRDA:74,3,0,0
BRDA:74,3,1,0
BRDA:74,4,0,0
BRDA:74,4,1,0
BRDA:95,5,0,0
BRDA:95,5,1,0
BRDA:98,6,0,0
BRDA:98,6,1,0
BRDA:102,7,0,0
BRDA:102,7,1,0
BRF:16
BRH:0
end_of_record
TN:
SF:src/services/matching.js
FN:30,getDaysInMonth
FN:37,isUserAvailable
FN:45,selectBestCandidate
FN:49,(anonymous_3)
FN:64,generateMonthlySchedule
FN:99,(anonymous_5)
FN:100,(anonymous_6)
FN:113,(anonymous_7)
FN:125,(anonymous_8)
FN:152,(anonymous_9)
FN:185,(anonymous_10)
FN:187,(anonymous_11)
FN:221,applySchedule
FN:238,(anonymous_13)
FN:240,(anonymous_14)
FNF:15
FNH:15
FNDA:3,getDaysInMonth
FNDA:1440,isUserAvailable
FNDA:720,selectBestCandidate
FNDA:28,(anonymous_3)
FNDA:3,generateMonthlySchedule
FNDA:12,(anonymous_5)
FNDA:12,(anonymous_6)
FNDA:12,(anonymous_7)
FNDA:12,(anonymous_8)
FNDA:1440,(anonymous_9)
FNDA:12,(anonymous_10)
FNDA:30,(anonymous_11)
FNDA:1,applySchedule
FNDA:28,(anonymous_13)
FNDA:63,(anonymous_14)
DA:1,1
DA:16,1
DA:31,3
DA:38,1440
DA:46,720
DA:49,72
DA:50,28
DA:51,28
DA:52,28
DA:55,72
DA:65,3
DA:67,3
DA:68,3
DA:70,3
DA:73,3
DA:87,3
DA:88,0
DA:91,3
DA:92,0
DA:95,3
DA:98,3
DA:99,12
DA:100,12
DA:107,3
DA:110,3
DA:111,3
DA:113,3
DA:114,12
DA:115,6
DA:116,6
DA:117,6
DA:121,3
DA:124,3
DA:125,3
DA:126,12
DA:130,3
DA:131,3
DA:141,3
DA:142,90
DA:145,90
DA:148,90
DA:149,720
DA:152,720
DA:153,1440
DA:157,720
DA:159,720
DA:160,72
DA:167,72
DA:168,72
DA:169,72
DA:171,72
DA:172,33
DA:174,39
DA:178,648
DA:179,648
DA:185,3
DA:186,12
DA:187,30
DA:188,12
DA:195,3
DA:197,3
DA:205,0
DA:206,0
DA:222,1
DA:223,1
DA:226,1
DA:231,1
DA:232,0
DA:235,1
DA:238,1
DA:239,28
DA:240,63
DA:241,28
DA:250,1
DA:251,1
DA:255,1
DA:256,0
DA:259,1
DA:262,1
DA:269,0
DA:270,0
DA:277,1
LF:82
LH:74
BRDA:38,0,0,1440
BRDA:38,0,1,1440
BRDA:46,1,0,648
BRDA:46,1,1,72
BRDA:50,2,0,28
BRDA:50,2,1,4
BRDA:51,3,0,28
BRDA:51,3,1,6
BRDA:87,4,0,0
BRDA:87,4,1,3
BRDA:91,5,0,0
BRDA:91,5,1,3
BRDA:91,6,0,3
BRDA:91,6,1,3
BRDA:99,7,0,12
BRDA:99,7,1,12
BRDA:104,8,0,12
BRDA:104,8,1,0
BRDA:114,9,0,6
BRDA:114,9,1,6
BRDA:116,10,0,6
BRDA:116,10,1,0
BRDA:149,11,0,360
BRDA:149,11,1,360
BRDA:153,12,0,1440
BRDA:153,12,1,288
BRDA:159,13,0,72
BRDA:159,13,1,648
BRDA:171,14,0,33
BRDA:171,14,1,39
BRDA:186,15,0,12
BRDA:186,15,1,0
BRDA:231,16,0,0
BRDA:231,16,1,1
BRDA:250,17,0,1
BRDA:250,17,1,0
BRDA:255,18,0,0
BRDA:255,18,1,1
BRF:38
BRH:30
end_of_record
